#
# There is insufficient memory for the Java Runtime Environment to continue.
# Native memory allocation (mmap) failed to map 20971520 bytes for G1 virtual space
# Possible reasons:
#   The system is out of physical RAM or swap space
#   The process is running with CompressedOops enabled, and the Java Heap may be blocking the growth of the native heap
# Possible solutions:
#   Reduce memory load on the system
#   Increase physical memory or swap space
#   Check if swap backing store is full
#   Decrease Java heap size (-Xmx/-Xms)
#   Decrease number of Java threads
#   Decrease Java thread stack sizes (-Xss)
#   Set larger code cache with -XX:ReservedCodeCacheSize=
#   JVM is running with Zero Based Compressed Oops mode in which the Java heap is
#     placed in the first 32GB address space. The Java Heap base address is the
#     maximum limit for the native heap growth. Please use -XX:HeapBaseMinAddress
#     to set the Java Heap base and to place the Java Heap above 32GB virtual address.
# This output file may be truncated or incomplete.
#
#  Out of Memory Error (os_windows.cpp:3530), pid=22244, tid=9572
#
# JRE version: OpenJDK Runtime Environment (18.0.2.1+1) (build 18.0.2.1+1-1)
# Java VM: OpenJDK 64-Bit Server VM (18.0.2.1+1-1, mixed mode, emulated-client, sharing, tiered, compressed oops, compressed class ptrs, g1 gc, windows-amd64)
# No core dump will be written. Minidumps are not enabled by default on client versions of Windows
#

---------------  S U M M A R Y ------------

Command Line: -Dij.spring.boot.application.process=9c821e35-f98e-43cb-9bf7-b4ed079f56ed -Dmanagement.endpoints.jmx.exposure.include=* -Dspring.application.admin.enabled=true -Dspring.jmx.enabled=true -Dspring.liveBeansView.mbeanDomain -Dspring.output.ansi.enabled=always -XX:TieredStopAtLevel=1 -Dcom.sun.management.jmxremote -Dfile.encoding=windows-1251 -Duser.country=RU -Duser.language=ru -Duser.variant com.bsuir.chatroomserver.ChatRoomServerApplication

Host: AMD Ryzen 7 4800H with Radeon Graphics         , 16 cores, 15G,  Windows 11 , 64 bit Build 22621 (10.0.22621.1635)
Time: Sun May 21 18:59:17 2023 RTZ 2 (s 11 , 64 bit Build 22621 (10.0.22621.1635) elapsed time: 357.242233 seconds (0d 0h 5m 57s)

---------------  T H R E A D  ---------------

Current thread (0x000001d4795a48b0):  VMThread "VM Thread" [stack: 0x0000001364500000,0x0000001364600000] [id=9572]

Stack: [0x0000001364500000,0x0000001364600000]
Native frames: (J=compiled Java code, j=interpreted, Vv=VM code, C=native code)
V  [jvm.dll+0x6993aa]
V  [jvm.dll+0x7f46dd]
V  [jvm.dll+0x7f5fee]
V  [jvm.dll+0x7f66a3]
V  [jvm.dll+0x25cf1f]
V  [jvm.dll+0x6962f9]
V  [jvm.dll+0x68ae2a]
V  [jvm.dll+0x32255b]
V  [jvm.dll+0x329f36]
V  [jvm.dll+0x37eade]
V  [jvm.dll+0x37ed0f]
V  [jvm.dll+0x2fa2da]
V  [jvm.dll+0x2fa387]
V  [jvm.dll+0x33e8c2]
V  [jvm.dll+0x33ce64]
V  [jvm.dll+0x2f9ab0]
V  [jvm.dll+0x33c43b]
V  [jvm.dll+0x7fb48b]
V  [jvm.dll+0x7fc224]
V  [jvm.dll+0x7fc75c]
V  [jvm.dll+0x7fcbb4]
V  [jvm.dll+0x7fcc77]
V  [jvm.dll+0x7a120a]
V  [jvm.dll+0x698255]
C  [ucrtbase.dll+0x29363]
C  [KERNEL32.DLL+0x126ad]
C  [ntdll.dll+0x5a9f8]

VM_Operation (0x000000136bbfe350): G1CollectForAllocation, mode: safepoint, requested by thread 0x000001d415d9e7b0


---------------  P R O C E S S  ---------------

Threads class SMR info:
_java_thread_list=0x000001d419f6ef60, length=121, elements={
0x000001d47ef5a560, 0x000001d47ef5ae10, 0x000001d47ef737f0, 0x000001d47ef740a0,
0x000001d47ef74950, 0x000001d47ef75200, 0x000001d47ef75cc0, 0x000001d47ef78bd0,
0x000001d4155ac920, 0x000001d41566a650, 0x000001d415b2e1e0, 0x000001d4166b44e0,
0x000001d416f43e40, 0x000001d416f44300, 0x000001d416f59440, 0x000001d416f91730,
0x000001d416f91260, 0x000001d416f920d0, 0x000001d416f8f580, 0x000001d416f91c00,
0x000001d416f90d90, 0x000001d416f8fa50, 0x000001d416f925a0, 0x000001d416f92a70,
0x000001d416f908c0, 0x000001d416f8f0b0, 0x000001d416f903f0, 0x000001d417ba42a0,
0x000001d417ba1c20, 0x000001d417ba7c60, 0x000001d417ba8130, 0x000001d417ba4c40,
0x000001d417ba08e0, 0x000001d417ba6df0, 0x000001d417ba72c0, 0x000001d417ba5ab0,
0x000001d417ba0db0, 0x000001d417ba25c0, 0x000001d417ba2a90, 0x000001d417ba3dd0,
0x000001d417ba2f60, 0x000001d417ba5f80, 0x000001d417ba4770, 0x000001d417ba20f0,
0x000001d417ba55e0, 0x000001d417ba3430, 0x000001d417ba3900, 0x000001d417ba7790,
0x000001d417ba6450, 0x000001d417ba1280, 0x000001d417ba6920, 0x000001d417ba1750,
0x000001d416f8ff20, 0x000001d417d17070, 0x000001d417d12840, 0x000001d417d18880,
0x000001d417d18d50, 0x000001d417d17ee0, 0x000001d417d149f0, 0x000001d417d166d0,
0x000001d417d17540, 0x000001d417d136b0, 0x000001d417d13b80, 0x000001d417d14050,
0x000001d417d183b0, 0x000001d417d19220, 0x000001d417d12d10, 0x000001d417d196f0,
0x000001d417d14520, 0x000001d417d16ba0, 0x000001d417d11ea0, 0x000001d417d17a10,
0x000001d417d14ec0, 0x000001d417d15390, 0x000001d417d12370, 0x000001d417d16200,
0x000001d417d131e0, 0x000001d417d15860, 0x000001d417d15d30, 0x000001d417d96aa0,
0x000001d417d930e0, 0x000001d417d97440, 0x000001d417d96100, 0x000001d417d92c10,
0x000001d417d93f50, 0x000001d417d97de0, 0x000001d417d97910, 0x000001d417d95290,
0x000001d417d93a80, 0x000001d417d965d0, 0x000001d417d95760, 0x000001d417d94420,
0x000001d417d91400, 0x000001d417d948f0, 0x000001d417d982b0, 0x000001d417d95c30,
0x000001d417d98780, 0x000001d417d91da0, 0x000001d417d90f30, 0x000001d417d92270,
0x000001d417d96f70, 0x000001d417d918d0, 0x000001d417d92740, 0x000001d417d935b0,
0x000001d417d94dc0, 0x000001d415d9e7b0, 0x000001d415da1300, 0x000001d415d9ec80,
0x000001d415da2170, 0x000001d415d9f150, 0x000001d415d9faf0, 0x000001d415d9f620,
0x000001d415d9ffc0, 0x000001d415da0490, 0x000001d415da0960, 0x000001d415da0e30,
0x000001d418032010, 0x000001d415cf78c0, 0x000001d417f11830, 0x000001d415da1ca0,
0x000001d41a5e8ea0
}

Java Threads: ( => current thread )
  0x000001d47ef5a560 JavaThread "Reference Handler" daemon [_thread_blocked, id=19884, stack(0x0000001364600000,0x0000001364700000)]
  0x000001d47ef5ae10 JavaThread "Finalizer" daemon [_thread_blocked, id=29684, stack(0x0000001364700000,0x0000001364800000)]
  0x000001d47ef737f0 JavaThread "Signal Dispatcher" daemon [_thread_blocked, id=23408, stack(0x0000001364800000,0x0000001364900000)]
  0x000001d47ef740a0 JavaThread "Attach Listener" daemon [_thread_blocked, id=27424, stack(0x0000001364900000,0x0000001364a00000)]
  0x000001d47ef74950 JavaThread "Service Thread" daemon [_thread_blocked, id=24464, stack(0x0000001364a00000,0x0000001364b00000)]
  0x000001d47ef75200 JavaThread "Monitor Deflation Thread" daemon [_thread_blocked, id=5592, stack(0x0000001364b00000,0x0000001364c00000)]
  0x000001d47ef75cc0 JavaThread "C1 CompilerThread0" daemon [_thread_blocked, id=15840, stack(0x0000001364c00000,0x0000001364d00000)]
  0x000001d47ef78bd0 JavaThread "Sweeper thread" daemon [_thread_blocked, id=26036, stack(0x0000001364d00000,0x0000001364e00000)]
  0x000001d4155ac920 JavaThread "Common-Cleaner" daemon [_thread_blocked, id=21500, stack(0x0000001364e00000,0x0000001364f00000)]
  0x000001d41566a650 JavaThread "Notification Thread" daemon [_thread_blocked, id=24512, stack(0x0000001365500000,0x0000001365600000)]
  0x000001d415b2e1e0 JavaThread "RMI TCP Accept-0" daemon [_thread_in_native, id=2872, stack(0x0000001365600000,0x0000001365700000)]
  0x000001d4166b44e0 JavaThread "RMI Scheduler(0)" daemon [_thread_blocked, id=27172, stack(0x0000001365f00000,0x0000001366000000)]
  0x000001d416f43e40 JavaThread "Catalina-utility-1" [_thread_blocked, id=13104, stack(0x0000001366000000,0x0000001366100000)]
  0x000001d416f44300 JavaThread "Catalina-utility-2" [_thread_blocked, id=22380, stack(0x0000001366900000,0x0000001366a00000)]
  0x000001d416f59440 JavaThread "container-0" [_thread_blocked, id=2844, stack(0x0000001366a00000,0x0000001366b00000)]
  0x000001d416f91730 JavaThread "mysql-cj-abandoned-connection-cleanup" daemon [_thread_blocked, id=14628, stack(0x0000001366b00000,0x0000001366c00000)]
  0x000001d416f91260 JavaThread "HikariPool-1 housekeeper" daemon [_thread_blocked, id=27760, stack(0x0000001366d00000,0x0000001366e00000)]
  0x000001d416f920d0 JavaThread "MessageBroker-1" [_thread_blocked, id=2160, stack(0x0000001366f00000,0x0000001367000000)]
  0x000001d416f8f580 JavaThread "http-nio-8080-exec-1" daemon [_thread_blocked, id=25088, stack(0x0000001367000000,0x0000001367100000)]
  0x000001d416f91c00 JavaThread "http-nio-8080-exec-2" daemon [_thread_blocked, id=1504, stack(0x0000001367100000,0x0000001367200000)]
  0x000001d416f90d90 JavaThread "http-nio-8080-exec-3" daemon [_thread_blocked, id=13348, stack(0x0000001367200000,0x0000001367300000)]
  0x000001d416f8fa50 JavaThread "http-nio-8080-exec-4" daemon [_thread_blocked, id=8004, stack(0x0000001367300000,0x0000001367400000)]
  0x000001d416f925a0 JavaThread "http-nio-8080-exec-5" daemon [_thread_blocked, id=11460, stack(0x0000001367400000,0x0000001367500000)]
  0x000001d416f92a70 JavaThread "http-nio-8080-exec-6" daemon [_thread_blocked, id=20092, stack(0x0000001367500000,0x0000001367600000)]
  0x000001d416f908c0 JavaThread "http-nio-8080-exec-7" daemon [_thread_blocked, id=27332, stack(0x0000001367600000,0x0000001367700000)]
  0x000001d416f8f0b0 JavaThread "http-nio-8080-exec-8" daemon [_thread_blocked, id=8796, stack(0x0000001367700000,0x0000001367800000)]
  0x000001d416f903f0 JavaThread "http-nio-8080-exec-9" daemon [_thread_blocked, id=29124, stack(0x0000001367800000,0x0000001367900000)]
  0x000001d417ba42a0 JavaThread "http-nio-8080-exec-10" daemon [_thread_blocked, id=19652, stack(0x0000001367900000,0x0000001367a00000)]
  0x000001d417ba1c20 JavaThread "http-nio-8080-Poller" daemon [_thread_blocked, id=4440, stack(0x0000001367a00000,0x0000001367b00000)]
  0x000001d417ba7c60 JavaThread "http-nio-8080-Acceptor" daemon [_thread_in_native, id=4764, stack(0x0000001367b00000,0x0000001367c00000)]
  0x000001d417ba8130 JavaThread "DestroyJavaVM" [_thread_blocked, id=8248, stack(0x0000001363f00000,0x0000001364000000)]
  0x000001d417ba4c40 JavaThread "MessageBroker-2" [_thread_blocked, id=25368, stack(0x0000001363c00000,0x0000001363d00000)]
  0x000001d417ba08e0 JavaThread "MessageBroker-3" [_thread_blocked, id=2868, stack(0x0000001363d00000,0x0000001363e00000)]
  0x000001d417ba6df0 JavaThread "MessageBroker-4" [_thread_blocked, id=24816, stack(0x0000001363e00000,0x0000001363f00000)]
  0x000001d417ba72c0 JavaThread "MessageBroker-5" [_thread_blocked, id=5708, stack(0x0000001364f00000,0x0000001365000000)]
  0x000001d417ba5ab0 JavaThread "clientInboundChannel-1" [_thread_blocked, id=10844, stack(0x0000001365100000,0x0000001365200000)]
  0x000001d417ba0db0 JavaThread "clientInboundChannel-2" [_thread_blocked, id=340, stack(0x0000001365200000,0x0000001365300000)]
  0x000001d417ba25c0 JavaThread "clientInboundChannel-3" [_thread_blocked, id=4800, stack(0x0000001365300000,0x0000001365400000)]
  0x000001d417ba2a90 JavaThread "clientOutboundChannel-1" [_thread_blocked, id=24332, stack(0x0000001365400000,0x0000001365500000)]
  0x000001d417ba3dd0 JavaThread "MessageBroker-6" [_thread_blocked, id=3812, stack(0x0000001365e00000,0x0000001365f00000)]
  0x000001d417ba2f60 JavaThread "clientInboundChannel-4" [_thread_blocked, id=28992, stack(0x0000001366c00000,0x0000001366d00000)]
  0x000001d417ba5f80 JavaThread "clientInboundChannel-5" [_thread_blocked, id=15548, stack(0x0000001366e00000,0x0000001366f00000)]
  0x000001d417ba4770 JavaThread "clientInboundChannel-6" [_thread_blocked, id=19344, stack(0x0000001367c00000,0x0000001367d00000)]
  0x000001d417ba20f0 JavaThread "clientInboundChannel-7" [_thread_blocked, id=27900, stack(0x0000001367d00000,0x0000001367e00000)]
  0x000001d417ba55e0 JavaThread "clientInboundChannel-8" [_thread_blocked, id=15528, stack(0x0000001367e00000,0x0000001367f00000)]
  0x000001d417ba3430 JavaThread "clientInboundChannel-9" [_thread_blocked, id=14144, stack(0x0000001367f00000,0x0000001368000000)]
  0x000001d417ba3900 JavaThread "clientInboundChannel-10" [_thread_blocked, id=384, stack(0x0000001368000000,0x0000001368100000)]
  0x000001d417ba7790 JavaThread "clientInboundChannel-11" [_thread_blocked, id=19012, stack(0x0000001368100000,0x0000001368200000)]
  0x000001d417ba6450 JavaThread "clientInboundChannel-12" [_thread_blocked, id=4024, stack(0x0000001368200000,0x0000001368300000)]
  0x000001d417ba1280 JavaThread "clientOutboundChannel-2" [_thread_blocked, id=28316, stack(0x0000001368300000,0x0000001368400000)]
  0x000001d417ba6920 JavaThread "MessageBroker-7" [_thread_blocked, id=20676, stack(0x0000001368400000,0x0000001368500000)]
  0x000001d417ba1750 JavaThread "MessageBroker-8" [_thread_blocked, id=24940, stack(0x0000001368500000,0x0000001368600000)]
  0x000001d416f8ff20 JavaThread "clientInboundChannel-13" [_thread_blocked, id=20280, stack(0x0000001368600000,0x0000001368700000)]
  0x000001d417d17070 JavaThread "clientInboundChannel-14" [_thread_blocked, id=19384, stack(0x0000001368700000,0x0000001368800000)]
  0x000001d417d12840 JavaThread "clientInboundChannel-15" [_thread_blocked, id=23104, stack(0x0000001368800000,0x0000001368900000)]
  0x000001d417d18880 JavaThread "clientOutboundChannel-3" [_thread_blocked, id=21436, stack(0x0000001368900000,0x0000001368a00000)]
  0x000001d417d18d50 JavaThread "MessageBroker-9" [_thread_blocked, id=27860, stack(0x0000001368a00000,0x0000001368b00000)]
  0x000001d417d17ee0 JavaThread "clientInboundChannel-16" [_thread_blocked, id=11236, stack(0x0000001368b00000,0x0000001368c00000)]
  0x000001d417d149f0 JavaThread "clientInboundChannel-17" [_thread_blocked, id=12296, stack(0x0000001368c00000,0x0000001368d00000)]
  0x000001d417d166d0 JavaThread "clientInboundChannel-18" [_thread_blocked, id=22652, stack(0x0000001368d00000,0x0000001368e00000)]
  0x000001d417d17540 JavaThread "clientInboundChannel-19" [_thread_blocked, id=25328, stack(0x0000001368e00000,0x0000001368f00000)]
  0x000001d417d136b0 JavaThread "clientInboundChannel-20" [_thread_blocked, id=8744, stack(0x0000001368f00000,0x0000001369000000)]
  0x000001d417d13b80 JavaThread "clientInboundChannel-21" [_thread_blocked, id=23984, stack(0x0000001369000000,0x0000001369100000)]
  0x000001d417d14050 JavaThread "clientInboundChannel-22" [_thread_blocked, id=17216, stack(0x0000001369100000,0x0000001369200000)]
  0x000001d417d183b0 JavaThread "clientInboundChannel-23" [_thread_blocked, id=2332, stack(0x0000001369200000,0x0000001369300000)]
  0x000001d417d19220 JavaThread "clientInboundChannel-24" [_thread_blocked, id=13168, stack(0x0000001369300000,0x0000001369400000)]
  0x000001d417d12d10 JavaThread "clientOutboundChannel-4" [_thread_blocked, id=11584, stack(0x0000001369400000,0x0000001369500000)]
  0x000001d417d196f0 JavaThread "clientOutboundChannel-5" [_thread_blocked, id=29668, stack(0x0000001369500000,0x0000001369600000)]
  0x000001d417d14520 JavaThread "MessageBroker-10" [_thread_blocked, id=25028, stack(0x0000001369600000,0x0000001369700000)]
  0x000001d417d16ba0 JavaThread "MessageBroker-11" [_thread_blocked, id=17152, stack(0x0000001369700000,0x0000001369800000)]
  0x000001d417d11ea0 JavaThread "MessageBroker-12" [_thread_blocked, id=24872, stack(0x0000001369800000,0x0000001369900000)]
  0x000001d417d17a10 JavaThread "clientInboundChannel-25" [_thread_blocked, id=29168, stack(0x0000001369900000,0x0000001369a00000)]
  0x000001d417d14ec0 JavaThread "clientInboundChannel-26" [_thread_blocked, id=9452, stack(0x0000001369a00000,0x0000001369b00000)]
  0x000001d417d15390 JavaThread "clientInboundChannel-27" [_thread_blocked, id=27124, stack(0x0000001369b00000,0x0000001369c00000)]
  0x000001d417d12370 JavaThread "clientOutboundChannel-6" [_thread_blocked, id=12628, stack(0x0000001369c00000,0x0000001369d00000)]
  0x000001d417d16200 JavaThread "MessageBroker-13" [_thread_blocked, id=13020, stack(0x0000001369d00000,0x0000001369e00000)]
  0x000001d417d131e0 JavaThread "clientInboundChannel-28" [_thread_blocked, id=19324, stack(0x0000001369e00000,0x0000001369f00000)]
  0x000001d417d15860 JavaThread "clientInboundChannel-29" [_thread_blocked, id=7172, stack(0x0000001369f00000,0x000000136a000000)]
  0x000001d417d15d30 JavaThread "clientInboundChannel-30" [_thread_blocked, id=7016, stack(0x000000136a000000,0x000000136a100000)]
  0x000001d417d96aa0 JavaThread "clientInboundChannel-31" [_thread_blocked, id=24776, stack(0x000000136a100000,0x000000136a200000)]
  0x000001d417d930e0 JavaThread "clientInboundChannel-32" [_thread_blocked, id=9544, stack(0x000000136a200000,0x000000136a300000)]
  0x000001d417d97440 JavaThread "clientOutboundChannel-7" [_thread_blocked, id=12496, stack(0x000000136a300000,0x000000136a400000)]
  0x000001d417d96100 JavaThread "MessageBroker-14" [_thread_blocked, id=14404, stack(0x000000136a400000,0x000000136a500000)]
  0x000001d417d92c10 JavaThread "clientOutboundChannel-8" [_thread_blocked, id=15576, stack(0x000000136a500000,0x000000136a600000)]
  0x000001d417d93f50 JavaThread "clientOutboundChannel-9" [_thread_blocked, id=20380, stack(0x000000136a600000,0x000000136a700000)]
  0x000001d417d97de0 JavaThread "MessageBroker-16" [_thread_blocked, id=15624, stack(0x000000136a700000,0x000000136a800000)]
  0x000001d417d97910 JavaThread "MessageBroker-15" [_thread_blocked, id=29116, stack(0x000000136a800000,0x000000136a900000)]
  0x000001d417d95290 JavaThread "clientOutboundChannel-10" [_thread_blocked, id=28852, stack(0x000000136a900000,0x000000136aa00000)]
  0x000001d417d93a80 JavaThread "clientOutboundChannel-11" [_thread_blocked, id=28640, stack(0x000000136aa00000,0x000000136ab00000)]
  0x000001d417d965d0 JavaThread "clientOutboundChannel-12" [_thread_blocked, id=4588, stack(0x000000136ab00000,0x000000136ac00000)]
  0x000001d417d95760 JavaThread "clientOutboundChannel-13" [_thread_blocked, id=26848, stack(0x000000136ac00000,0x000000136ad00000)]
  0x000001d417d94420 JavaThread "clientOutboundChannel-14" [_thread_blocked, id=10492, stack(0x000000136ad00000,0x000000136ae00000)]
  0x000001d417d91400 JavaThread "clientOutboundChannel-15" [_thread_blocked, id=17168, stack(0x000000136ae00000,0x000000136af00000)]
  0x000001d417d948f0 JavaThread "clientOutboundChannel-16" [_thread_blocked, id=10860, stack(0x000000136af00000,0x000000136b000000)]
  0x000001d417d982b0 JavaThread "clientOutboundChannel-17" [_thread_blocked, id=6100, stack(0x000000136b000000,0x000000136b100000)]
  0x000001d417d95c30 JavaThread "clientOutboundChannel-18" [_thread_blocked, id=24852, stack(0x000000136b100000,0x000000136b200000)]
  0x000001d417d98780 JavaThread "clientOutboundChannel-19" [_thread_blocked, id=22452, stack(0x000000136b200000,0x000000136b300000)]
  0x000001d417d91da0 JavaThread "clientOutboundChannel-20" [_thread_blocked, id=8772, stack(0x000000136b300000,0x000000136b400000)]
  0x000001d417d90f30 JavaThread "clientOutboundChannel-21" [_thread_blocked, id=7888, stack(0x000000136b400000,0x000000136b500000)]
  0x000001d417d92270 JavaThread "clientOutboundChannel-22" [_thread_blocked, id=14372, stack(0x000000136b500000,0x000000136b600000)]
  0x000001d417d96f70 JavaThread "clientOutboundChannel-23" [_thread_blocked, id=24972, stack(0x000000136b600000,0x000000136b700000)]
  0x000001d417d918d0 JavaThread "clientOutboundChannel-24" [_thread_blocked, id=8504, stack(0x000000136b700000,0x000000136b800000)]
  0x000001d417d92740 JavaThread "clientOutboundChannel-25" [_thread_blocked, id=3112, stack(0x000000136b800000,0x000000136b900000)]
  0x000001d417d935b0 JavaThread "clientOutboundChannel-26" [_thread_blocked, id=24744, stack(0x000000136b900000,0x000000136ba00000)]
  0x000001d417d94dc0 JavaThread "clientOutboundChannel-27" [_thread_blocked, id=29140, stack(0x000000136ba00000,0x000000136bb00000)]
  0x000001d415d9e7b0 JavaThread "clientOutboundChannel-28" [_thread_blocked, id=27528, stack(0x000000136bb00000,0x000000136bc00000)]
  0x000001d415da1300 JavaThread "clientOutboundChannel-29" [_thread_blocked, id=3796, stack(0x000000136bc00000,0x000000136bd00000)]
  0x000001d415d9ec80 JavaThread "clientOutboundChannel-30" [_thread_blocked, id=25808, stack(0x000000136bd00000,0x000000136be00000)]
  0x000001d415da2170 JavaThread "clientOutboundChannel-31" [_thread_blocked, id=10468, stack(0x000000136be00000,0x000000136bf00000)]
  0x000001d415d9f150 JavaThread "clientOutboundChannel-32" [_thread_blocked, id=6736, stack(0x000000136bf00000,0x000000136c000000)]
  0x000001d415d9faf0 JavaThread "http-nio-8080-exec-11" daemon [_thread_blocked, id=2196, stack(0x000000136c000000,0x000000136c100000)]
  0x000001d415d9f620 JavaThread "http-nio-8080-exec-12" daemon [_thread_blocked, id=19436, stack(0x000000136c100000,0x000000136c200000)]
  0x000001d415d9ffc0 JavaThread "http-nio-8080-exec-13" daemon [_thread_blocked, id=4324, stack(0x000000136c200000,0x000000136c300000)]
  0x000001d415da0490 JavaThread "http-nio-8080-exec-14" daemon [_thread_blocked, id=10376, stack(0x000000136c300000,0x000000136c400000)]
  0x000001d415da0960 JavaThread "http-nio-8080-exec-15" daemon [_thread_blocked, id=16808, stack(0x000000136c400000,0x000000136c500000)]
  0x000001d415da0e30 JavaThread "http-nio-8080-exec-16" daemon [_thread_blocked, id=27344, stack(0x000000136c500000,0x000000136c600000)]
  0x000001d418032010 JavaThread "C1 CompilerThread1" daemon [_thread_blocked, id=26512, stack(0x000000136c600000,0x000000136c700000)]
  0x000001d415cf78c0 JavaThread "C1 CompilerThread2" daemon [_thread_blocked, id=15256, stack(0x000000136c700000,0x000000136c800000)]
  0x000001d417f11830 JavaThread "C1 CompilerThread3" daemon [_thread_blocked, id=5624, stack(0x000000136c800000,0x000000136c900000)]
  0x000001d415da1ca0 JavaThread "WebSocket background processing" daemon [_thread_blocked, id=13452, stack(0x0000001365000000,0x0000001365100000)]
  0x000001d41a5e8ea0 JavaThread "C1 CompilerThread4" daemon [_thread_blocked, id=28460, stack(0x000000136c900000,0x000000136ca00000)]

Other Threads:
=>0x000001d4795a48b0 VMThread "VM Thread" [stack: 0x0000001364500000,0x0000001364600000] [id=9572]
  0x000001d47736dfc0 WatcherThread "VM Periodic Task Thread" [stack: 0x0000001365700000,0x0000001365800000] [id=976]
  0x000001d479584440 WorkerThread "GC Thread#0" [stack: 0x0000001364000000,0x0000001364100000] [id=27572]
  0x000001d415f75a10 WorkerThread "GC Thread#1" [stack: 0x0000001365800000,0x0000001365900000] [id=25100]
  0x000001d415f75cb0 WorkerThread "GC Thread#2" [stack: 0x0000001365900000,0x0000001365a00000] [id=27496]
  0x000001d415fa0290 WorkerThread "GC Thread#3" [stack: 0x0000001365a00000,0x0000001365b00000] [id=23016]
  0x000001d415fa0940 WorkerThread "GC Thread#4" [stack: 0x0000001365b00000,0x0000001365c00000] [id=20576]
  0x000001d415fc2750 WorkerThread "GC Thread#5" [stack: 0x0000001365c00000,0x0000001365d00000] [id=29132]
  0x000001d415fc2e00 WorkerThread "GC Thread#6" [stack: 0x0000001365d00000,0x0000001365e00000] [id=22208]
  0x000001d4167b44b0 WorkerThread "GC Thread#7" [stack: 0x0000001366100000,0x0000001366200000] [id=28168]
  0x000001d4167712c0 WorkerThread "GC Thread#8" [stack: 0x0000001366200000,0x0000001366300000] [id=21172]
  0x000001d4167a6010 WorkerThread "GC Thread#9" [stack: 0x0000001366300000,0x0000001366400000] [id=24920]
  0x000001d41680d310 WorkerThread "GC Thread#10" [stack: 0x0000001366400000,0x0000001366500000] [id=7128]
  0x000001d41683d110 WorkerThread "GC Thread#11" [stack: 0x0000001366500000,0x0000001366600000] [id=8552]
  0x000001d416c7ac80 WorkerThread "GC Thread#12" [stack: 0x0000001366600000,0x0000001366700000] [id=22352]
  0x000001d479595a40 ConcurrentGCThread "G1 Main Marker" [stack: 0x0000001364100000,0x0000001364200000] [id=27704]
  0x000001d479596430 WorkerThread "G1 Conc#0" [stack: 0x0000001364200000,0x0000001364300000] [id=13756]
  0x000001d416bcd380 WorkerThread "G1 Conc#1" [stack: 0x0000001366700000,0x0000001366800000] [id=29572]
  0x000001d416ce8d40 WorkerThread "G1 Conc#2" [stack: 0x0000001366800000,0x0000001366900000] [id=28076]
  0x000001d47ee10d80 ConcurrentGCThread "G1 Refine#0" [stack: 0x0000001364300000,0x0000001364400000] [id=16180]
  0x000001d47ee13460 ConcurrentGCThread "G1 Service" [stack: 0x0000001364400000,0x0000001364500000] [id=27364]

Threads with active compile tasks:
C1 CompilerThread3   357267 7846   !   1       org.apache.catalina.core.StandardWrapperValve::invoke (2395 bytes)

VM state: at safepoint (normal execution)

VM Mutex/Monitor currently owned by a thread:  ([mutex/lock_event])
[0x000001d47736c400] Threads_lock - owner thread: 0x000001d4795a48b0
[0x000001d47736c2e0] Heap_lock - owner thread: 0x000001d415d9e7b0

Heap address: 0x0000000709400000, size: 3948 MB, Compressed Oops mode: Zero based, Oop shift amount: 3

CDS archive(s) mapped at: [0x0000000800000000-0x0000000800ba0000-0x0000000800ba0000), size 12189696, SharedBaseAddress: 0x0000000800000000, ArchiveRelocationMode: 0.
Compressed class space mapped at: 0x0000000800c00000-0x0000000840c00000, reserved size: 1073741824
Narrow klass base: 0x0000000800000000, Narrow klass shift: 0, Narrow klass range: 0x100000000

GC Precious Log:
 CardTable entry size: 512
 Card Set container configuration: InlinePtr #cards 4 size 8 Array Of Cards #cards 16 size 48 Howl #buckets 8 coarsen threshold 3686 Howl Bitmap #cards 512 size 80 coarsen threshold 460 Card regions per heap region 1 cards per card region 4096
 CPUs: 16 total, 16 available
 Memory: 15791M
 Large Page Support: Disabled
 NUMA Support: Disabled
 Compressed Oops: Enabled (Zero based)
 Heap Region Size: 2M
 Heap Min Capacity: 8M
 Heap Initial Capacity: 248M
 Heap Max Capacity: 3948M
 Pre-touch: Disabled
 Parallel Workers: 13
 Concurrent Workers: 3
 Concurrent Refinement Workers: 13
 Periodic GC: Disabled

Heap:
 garbage-first heap   total 102400K, used 49579K [0x0000000709400000, 0x0000000800000000)
  region size 2048K, 2 young (4096K), 2 survivors (4096K)
 Metaspace       used 64242K, committed 65024K, reserved 1114112K
  class space    used 8968K, committed 9344K, reserved 1048576K

Heap Regions: E=young(eden), S=young(survivor), O=old, HS=humongous(starts), HC=humongous(continues), CS=collection set, F=free, OA=open archive, CA=closed archive, TAMS=top-at-mark-start (previous, next)
|   0|0x0000000709400000, 0x0000000709600000, 0x0000000709600000|100%| O|  |TAMS 0x0000000709600000, 0x0000000709600000| Untracked 
|   1|0x0000000709600000, 0x0000000709800000, 0x0000000709800000|100%| O|  |TAMS 0x0000000709800000, 0x0000000709800000| Untracked 
|   2|0x0000000709800000, 0x0000000709a00000, 0x0000000709a00000|100%| O|  |TAMS 0x0000000709a00000, 0x0000000709a00000| Untracked 
|   3|0x0000000709a00000, 0x0000000709c00000, 0x0000000709c00000|100%| O|  |TAMS 0x0000000709c00000, 0x0000000709c00000| Untracked 
|   4|0x0000000709c00000, 0x0000000709e00000, 0x0000000709e00000|100%| O|  |TAMS 0x0000000709e00000, 0x0000000709e00000| Untracked 
|   5|0x0000000709e00000, 0x000000070a000000, 0x000000070a000000|100%| O|  |TAMS 0x000000070a000000, 0x000000070a000000| Untracked 
|   6|0x000000070a000000, 0x000000070a200000, 0x000000070a200000|100%| O|  |TAMS 0x000000070a200000, 0x000000070a200000| Untracked 
|   7|0x000000070a200000, 0x000000070a400000, 0x000000070a400000|100%| O|  |TAMS 0x000000070a400000, 0x000000070a400000| Untracked 
|   8|0x000000070a400000, 0x000000070a600000, 0x000000070a600000|100%| O|  |TAMS 0x000000070a400000, 0x000000070a600000| Untracked 
|   9|0x000000070a600000, 0x000000070a800000, 0x000000070a800000|100%| O|  |TAMS 0x000000070a800000, 0x000000070a800000| Untracked 
|  10|0x000000070a800000, 0x000000070aa00000, 0x000000070aa00000|100%| O|  |TAMS 0x000000070aa00000, 0x000000070aa00000| Untracked 
|  11|0x000000070aa00000, 0x000000070aa33800, 0x000000070ac00000| 10%| O|  |TAMS 0x000000070aa33800, 0x000000070aa33800| Untracked 
|  12|0x000000070ac00000, 0x000000070ae00000, 0x000000070ae00000|100%| O|  |TAMS 0x000000070ac00000, 0x000000070ae00000| Untracked 
|  13|0x000000070ae00000, 0x000000070b000000, 0x000000070b000000|100%| O|  |TAMS 0x000000070ae00000, 0x000000070b000000| Untracked 
|  14|0x000000070b000000, 0x000000070b200000, 0x000000070b200000|100%| O|  |TAMS 0x000000070b000000, 0x000000070b200000| Untracked 
|  15|0x000000070b200000, 0x000000070b400000, 0x000000070b400000|100%| O|  |TAMS 0x000000070b200000, 0x000000070b400000| Untracked 
|  16|0x000000070b400000, 0x000000070b600000, 0x000000070b600000|100%| O|  |TAMS 0x000000070b400000, 0x000000070b600000| Untracked 
|  17|0x000000070b600000, 0x000000070b800000, 0x000000070b800000|100%| O|  |TAMS 0x000000070b600000, 0x000000070b800000| Untracked 
|  18|0x000000070b800000, 0x000000070ba00000, 0x000000070ba00000|100%| O|  |TAMS 0x000000070b800000, 0x000000070ba00000| Untracked 
|  19|0x000000070ba00000, 0x000000070bc00000, 0x000000070bc00000|100%| O|  |TAMS 0x000000070ba00000, 0x000000070bc00000| Untracked 
|  20|0x000000070bc00000, 0x000000070be00000, 0x000000070be00000|100%| O|  |TAMS 0x000000070bc00000, 0x000000070be00000| Untracked 
|  21|0x000000070be00000, 0x000000070c000000, 0x000000070c000000|100%| O|  |TAMS 0x000000070be00000, 0x000000070c000000| Untracked 
|  22|0x000000070c000000, 0x000000070c200000, 0x000000070c200000|100%| O|  |TAMS 0x000000070c000000, 0x000000070c0cde00| Untracked 
|  23|0x000000070c200000, 0x000000070c24a200, 0x000000070c400000| 14%| O|  |TAMS 0x000000070c200000, 0x000000070c200000| Untracked 
|  24|0x000000070c400000, 0x000000070c400000, 0x000000070c600000|  0%| F|  |TAMS 0x000000070c400000, 0x000000070c400000| Untracked 
|  25|0x000000070c600000, 0x000000070c600000, 0x000000070c800000|  0%| F|  |TAMS 0x000000070c600000, 0x000000070c600000| Untracked 
|  26|0x000000070c800000, 0x000000070c800000, 0x000000070ca00000|  0%| F|  |TAMS 0x000000070c800000, 0x000000070c800000| Untracked 
|  27|0x000000070ca00000, 0x000000070ca00000, 0x000000070cc00000|  0%| F|  |TAMS 0x000000070ca00000, 0x000000070ca00000| Untracked 
|  28|0x000000070cc00000, 0x000000070cc00000, 0x000000070ce00000|  0%| F|  |TAMS 0x000000070cc00000, 0x000000070cc00000| Untracked 
|  29|0x000000070ce00000, 0x000000070ce00000, 0x000000070d000000|  0%| F|  |TAMS 0x000000070ce00000, 0x000000070ce00000| Untracked 
|  30|0x000000070d000000, 0x000000070d000000, 0x000000070d200000|  0%| F|  |TAMS 0x000000070d000000, 0x000000070d000000| Untracked 
|  31|0x000000070d200000, 0x000000070d200000, 0x000000070d400000|  0%| F|  |TAMS 0x000000070d200000, 0x000000070d200000| Untracked 
|  32|0x000000070d400000, 0x000000070d5ed250, 0x000000070d600000| 96%| S|CS|TAMS 0x000000070d400000, 0x000000070d400000| Complete 
|  33|0x000000070d600000, 0x000000070d800000, 0x000000070d800000|100%| S|CS|TAMS 0x000000070d600000, 0x000000070d600000| Complete 
|  34|0x000000070d800000, 0x000000070d800000, 0x000000070da00000|  0%| F|  |TAMS 0x000000070d800000, 0x000000070d800000| Untracked 
|  35|0x000000070da00000, 0x000000070da00000, 0x000000070dc00000|  0%| F|  |TAMS 0x000000070da00000, 0x000000070da00000| Untracked 
|  36|0x000000070dc00000, 0x000000070dc00000, 0x000000070de00000|  0%| F|  |TAMS 0x000000070dc00000, 0x000000070dc00000| Untracked 
|  37|0x000000070de00000, 0x000000070de00000, 0x000000070e000000|  0%| F|  |TAMS 0x000000070de00000, 0x000000070de00000| Untracked 
|  38|0x000000070e000000, 0x000000070e000000, 0x000000070e200000|  0%| F|  |TAMS 0x000000070e000000, 0x000000070e000000| Untracked 
|  39|0x000000070e200000, 0x000000070e200000, 0x000000070e400000|  0%| F|  |TAMS 0x000000070e200000, 0x000000070e200000| Untracked 
|  40|0x000000070e400000, 0x000000070e400000, 0x000000070e600000|  0%| F|  |TAMS 0x000000070e400000, 0x000000070e400000| Untracked 
|  41|0x000000070e600000, 0x000000070e600000, 0x000000070e800000|  0%| F|  |TAMS 0x000000070e600000, 0x000000070e600000| Untracked 
|  42|0x000000070e800000, 0x000000070e800000, 0x000000070ea00000|  0%| F|  |TAMS 0x000000070e800000, 0x000000070e800000| Untracked 
|  43|0x000000070ea00000, 0x000000070ea00000, 0x000000070ec00000|  0%| F|  |TAMS 0x000000070ea00000, 0x000000070ea00000| Untracked 
|  44|0x000000070ec00000, 0x000000070ec00000, 0x000000070ee00000|  0%| F|  |TAMS 0x000000070ec00000, 0x000000070ec00000| Untracked 
|  45|0x000000070ee00000, 0x000000070ee00000, 0x000000070f000000|  0%| F|  |TAMS 0x000000070ee00000, 0x000000070ee00000| Untracked 
|  46|0x000000070f000000, 0x000000070f000000, 0x000000070f200000|  0%| F|  |TAMS 0x000000070f000000, 0x000000070f000000| Untracked 
|  47|0x000000070f200000, 0x000000070f200000, 0x000000070f400000|  0%| F|  |TAMS 0x000000070f200000, 0x000000070f200000| Untracked 
|  48|0x000000070f400000, 0x000000070f400000, 0x000000070f600000|  0%| F|  |TAMS 0x000000070f400000, 0x000000070f400000| Untracked 
| 123|0x0000000718a00000, 0x0000000718a00000, 0x0000000718c00000|  0%| F|  |TAMS 0x0000000718a00000, 0x0000000718a00000| Untracked 

Card table byte_map: [0x000001d47d3f0000,0x000001d47dbb0000] _byte_map_base: 0x000001d479ba6000

Marking Bits (Prev, Next): (CMBitMap*) 0x000001d479585a90, (CMBitMap*) 0x000001d479585a50
 Prev Bits: [0x000001d40b620000, 0x000001d40f3d0000)
 Next Bits: [0x000001d407870000, 0x000001d40b620000)

Polling page: 0x000001d477450000

Metaspace:

Usage:
  Non-class:     53.98 MB used.
      Class:      8.76 MB used.
       Both:     62.74 MB used.

Virtual space:
  Non-class space:       64.00 MB reserved,      54.38 MB ( 85%) committed,  1 nodes.
      Class space:        1.00 GB reserved,       9.12 MB ( <1%) committed,  1 nodes.
             Both:        1.06 GB reserved,      63.50 MB (  6%) committed. 

Chunk freelists:
   Non-Class:  1.53 MB
       Class:  2.93 MB
        Both:  4.46 MB

MaxMetaspaceSize: unlimited
CompressedClassSpaceSize: 1.00 GB
Initial GC threshold: 21.00 MB
Current GC threshold: 99.00 MB
CDS: on
MetaspaceReclaimPolicy: balanced
 - commit_granule_bytes: 65536.
 - commit_granule_words: 8192.
 - virtual_space_node_default_size: 8388608.
 - enlarge_chunks_in_place: 1.
 - new_chunks_are_fully_committed: 0.
 - uncommit_free_chunks: 1.
 - use_allocation_guard: 0.


Internal statistics:

num_allocs_failed_limit: 9.
num_arena_births: 1100.
num_arena_deaths: 0.
num_vsnodes_births: 2.
num_vsnodes_deaths: 0.
num_space_committed: 1016.
num_space_uncommitted: 0.
num_chunks_returned_to_freelist: 9.
num_chunks_taken_from_freelist: 3259.
num_chunk_merges: 6.
num_chunk_splits: 2415.
num_chunks_enlarged: 1897.
num_inconsistent_stats: 0.

CodeCache: size=49152Kb used=16344Kb max_used=16344Kb free=32807Kb
 bounds [0x000001d4795c0000, 0x000001d47a5c0000, 0x000001d47c5c0000]
 total_blobs=8548 nmethods=7852 adapters=617
 compilation: enabled
              stopped_count=0, restarted_count=0
 full_count=0

Compilation events (20 events):
Event: 357.203 Thread 0x000001d417f11830 nmethod 7843 0x000001d47a5a9010 code [0x000001d47a5a91c0, 0x000001d47a5a9408]
Event: 357.203 Thread 0x000001d417f11830 7846   !   1       org.apache.catalina.core.StandardWrapperValve::invoke (2395 bytes)
Event: 357.203 Thread 0x000001d41a5e8ea0 nmethod 7842 0x000001d47a5a9510 code [0x000001d47a5a96c0, 0x000001d47a5a9998]
Event: 357.203 Thread 0x000001d41a5e8ea0 7847       1       org.springframework.web.filter.CharacterEncodingFilter::doFilterInternal (59 bytes)
Event: 357.203 Thread 0x000001d41a5e8ea0 nmethod 7847 0x000001d47a5a9c10 code [0x000001d47a5a9de0, 0x000001d47a5aa018]
Event: 357.203 Thread 0x000001d41a5e8ea0 7848       1       org.apache.catalina.connector.RequestFacade::getLocale (33 bytes)
Event: 357.204 Thread 0x000001d41a5e8ea0 nmethod 7848 0x000001d47a5aa190 code [0x000001d47a5aa340, 0x000001d47a5aa508]
Event: 357.204 Thread 0x000001d41a5e8ea0 7849   !   1       jakarta.servlet.http.HttpServlet::service (269 bytes)
Event: 357.204 Thread 0x000001d47ef75cc0 nmethod 7844 0x000001d47a5aa610 code [0x000001d47a5aa8a0, 0x000001d47a5ab1f8]
Event: 357.204 Thread 0x000001d47ef75cc0 7850       1       org.springframework.util.LinkedCaseInsensitiveMap::keySet (32 bytes)
Event: 357.205 Thread 0x000001d47ef75cc0 nmethod 7850 0x000001d47a5ab890 code [0x000001d47a5aba40, 0x000001d47a5abdf8]
Event: 357.205 Thread 0x000001d47ef75cc0 7851       1       org.springframework.http.MediaType::checkParameters (56 bytes)
Event: 357.205 Thread 0x000001d41a5e8ea0 nmethod 7849 0x000001d47a5abf10 code [0x000001d47a5ac220, 0x000001d47a5acb58]
Event: 357.205 Thread 0x000001d47ef75cc0 nmethod 7851 0x000001d47a5ad090 code [0x000001d47a5ad2c0, 0x000001d47a5ad688]
Event: 357.207 Thread 0x000001d418032010 nmethod 7815 0x000001d47a5ad910 code [0x000001d47a5adea0, 0x000001d47a5b0908]
Event: 357.207 Thread 0x000001d415cf78c0 nmethod 7845 0x000001d47a5b2d90 code [0x000001d47a5b31c0, 0x000001d47a5b4608]
Event: 357.221 Thread 0x000001d415cf78c0 7852       1       org.springframework.web.servlet.DispatcherServlet::getHandler (58 bytes)
Event: 357.222 Thread 0x000001d418032010 7853       1       org.springframework.util.LinkedCaseInsensitiveMap$KeySet::size (10 bytes)
Event: 357.222 Thread 0x000001d415cf78c0 nmethod 7852 0x000001d47a5b5990 code [0x000001d47a5b5b60, 0x000001d47a5b5db8]
Event: 357.222 Thread 0x000001d418032010 nmethod 7853 0x000001d47a5b5f10 code [0x000001d47a5b60a0, 0x000001d47a5b6188]

GC Heap History (20 events):
Event: 3.746 GC heap after
{Heap after GC invocations=10 (full 0):
 garbage-first heap   total 75776K, used 21129K [0x0000000709400000, 0x0000000800000000)
  region size 2048K, 1 young (2048K), 1 survivors (2048K)
 Metaspace       used 46970K, committed 47552K, reserved 1114112K
  class space    used 6379K, committed 6656K, reserved 1048576K
}
Event: 4.267 GC heap before
{Heap before GC invocations=10 (full 0):
 garbage-first heap   total 75776K, used 51849K [0x0000000709400000, 0x0000000800000000)
  region size 2048K, 17 young (34816K), 1 survivors (2048K)
 Metaspace       used 53289K, committed 53824K, reserved 1114112K
  class space    used 7357K, committed 7616K, reserved 1048576K
}
Event: 4.269 GC heap after
{Heap after GC invocations=11 (full 0):
 garbage-first heap   total 137216K, used 22922K [0x0000000709400000, 0x0000000800000000)
  region size 2048K, 2 young (4096K), 2 survivors (4096K)
 Metaspace       used 53289K, committed 53824K, reserved 1114112K
  class space    used 7357K, committed 7616K, reserved 1048576K
}
Event: 8.682 GC heap before
{Heap before GC invocations=11 (full 0):
 garbage-first heap   total 137216K, used 72074K [0x0000000709400000, 0x0000000800000000)
  region size 2048K, 27 young (55296K), 2 survivors (4096K)
 Metaspace       used 59933K, committed 60608K, reserved 1114112K
  class space    used 8279K, committed 8576K, reserved 1048576K
}
Event: 8.688 GC heap after
{Heap after GC invocations=12 (full 0):
 garbage-first heap   total 137216K, used 26814K [0x0000000709400000, 0x0000000800000000)
  region size 2048K, 3 young (6144K), 3 survivors (6144K)
 Metaspace       used 59933K, committed 60608K, reserved 1114112K
  class space    used 8279K, committed 8576K, reserved 1048576K
}
Event: 317.017 GC heap before
{Heap before GC invocations=13 (full 0):
 garbage-first heap   total 102400K, used 80062K [0x0000000709400000, 0x0000000800000000)
  region size 2048K, 30 young (61440K), 3 survivors (6144K)
 Metaspace       used 64105K, committed 64832K, reserved 1114112K
  class space    used 8944K, committed 9280K, reserved 1048576K
}
Event: 317.024 GC heap after
{Heap after GC invocations=14 (full 0):
 garbage-first heap   total 102400K, used 28717K [0x0000000709400000, 0x0000000800000000)
  region size 2048K, 3 young (6144K), 3 survivors (6144K)
 Metaspace       used 64105K, committed 64832K, reserved 1114112K
  class space    used 8944K, committed 9280K, reserved 1048576K
}
Event: 355.224 GC heap before
{Heap before GC invocations=14 (full 0):
 garbage-first heap   total 102400K, used 77869K [0x0000000709400000, 0x0000000800000000)
  region size 2048K, 28 young (57344K), 3 survivors (6144K)
 Metaspace       used 64222K, committed 64960K, reserved 1114112K
  class space    used 8962K, committed 9280K, reserved 1048576K
}
Event: 355.231 GC heap after
{Heap after GC invocations=15 (full 0):
 garbage-first heap   total 102400K, used 36801K [0x0000000709400000, 0x0000000800000000)
  region size 2048K, 4 young (8192K), 4 survivors (8192K)
 Metaspace       used 64222K, committed 64960K, reserved 1114112K
  class space    used 8962K, committed 9280K, reserved 1048576K
}
Event: 355.638 GC heap before
{Heap before GC invocations=15 (full 0):
 garbage-first heap   total 102400K, used 75713K [0x0000000709400000, 0x0000000800000000)
  region size 2048K, 24 young (49152K), 4 survivors (8192K)
 Metaspace       used 64222K, committed 64960K, reserved 1114112K
  class space    used 8962K, committed 9280K, reserved 1048576K
}
Event: 355.644 GC heap after
{Heap after GC invocations=16 (full 0):
 garbage-first heap   total 102400K, used 41195K [0x0000000709400000, 0x0000000800000000)
  region size 2048K, 3 young (6144K), 3 survivors (6144K)
 Metaspace       used 64222K, committed 64960K, reserved 1114112K
  class space    used 8962K, committed 9280K, reserved 1048576K
}
Event: 355.963 GC heap before
{Heap before GC invocations=16 (full 0):
 garbage-first heap   total 102400K, used 73963K [0x0000000709400000, 0x0000000800000000)
  region size 2048K, 20 young (40960K), 3 survivors (6144K)
 Metaspace       used 64224K, committed 64960K, reserved 1114112K
  class space    used 8964K, committed 9280K, reserved 1048576K
}
Event: 355.966 GC heap after
{Heap after GC invocations=17 (full 0):
 garbage-first heap   total 102400K, used 43515K [0x0000000709400000, 0x0000000800000000)
  region size 2048K, 2 young (4096K), 2 survivors (4096K)
 Metaspace       used 64224K, committed 64960K, reserved 1114112K
  class space    used 8964K, committed 9280K, reserved 1048576K
}
Event: 356.300 GC heap before
{Heap before GC invocations=17 (full 0):
 garbage-first heap   total 102400K, used 76283K [0x0000000709400000, 0x0000000800000000)
  region size 2048K, 19 young (38912K), 2 survivors (4096K)
 Metaspace       used 64242K, committed 65024K, reserved 1114112K
  class space    used 8968K, committed 9344K, reserved 1048576K
}
Event: 356.302 GC heap after
{Heap after GC invocations=18 (full 0):
 garbage-first heap   total 102400K, used 45129K [0x0000000709400000, 0x0000000800000000)
  region size 2048K, 3 young (6144K), 3 survivors (6144K)
 Metaspace       used 64242K, committed 65024K, reserved 1114112K
  class space    used 8968K, committed 9344K, reserved 1048576K
}
Event: 356.617 GC heap before
{Heap before GC invocations=18 (full 0):
 garbage-first heap   total 102400K, used 77897K [0x0000000709400000, 0x0000000800000000)
  region size 2048K, 19 young (38912K), 3 survivors (6144K)
 Metaspace       used 64242K, committed 65024K, reserved 1114112K
  class space    used 8968K, committed 9344K, reserved 1048576K
}
Event: 356.621 GC heap after
{Heap after GC invocations=19 (full 0):
 garbage-first heap   total 102400K, used 46819K [0x0000000709400000, 0x0000000800000000)
  region size 2048K, 3 young (6144K), 3 survivors (6144K)
 Metaspace       used 64242K, committed 65024K, reserved 1114112K
  class space    used 8968K, committed 9344K, reserved 1048576K
}
Event: 356.868 GC heap before
{Heap before GC invocations=19 (full 0):
 garbage-first heap   total 102400K, used 75491K [0x0000000709400000, 0x0000000800000000)
  region size 2048K, 18 young (36864K), 3 survivors (6144K)
 Metaspace       used 64242K, committed 65024K, reserved 1114112K
  class space    used 8968K, committed 9344K, reserved 1048576K
}
Event: 356.872 GC heap after
{Heap after GC invocations=20 (full 0):
 garbage-first heap   total 102400K, used 48211K [0x0000000709400000, 0x0000000800000000)
  region size 2048K, 3 young (6144K), 3 survivors (6144K)
 Metaspace       used 64242K, committed 65024K, reserved 1114112K
  class space    used 8968K, committed 9344K, reserved 1048576K
}
Event: 357.226 GC heap before
{Heap before GC invocations=20 (full 0):
 garbage-first heap   total 102400K, used 76883K [0x0000000709400000, 0x0000000800000000)
  region size 2048K, 18 young (36864K), 3 survivors (6144K)
 Metaspace       used 64242K, committed 65024K, reserved 1114112K
  class space    used 8968K, committed 9344K, reserved 1048576K
}

Deoptimization events (14 events):
Event: 1.031 Thread 0x000001d47736d5b0 DEOPT PACKING pc=0x000001d479d2bef9 sp=0x0000001363ffd690
Event: 1.031 Thread 0x000001d47736d5b0 DEOPT UNPACKING pc=0x000001d479612b43 sp=0x0000001363ffcb70 mode 3
Event: 2.324 Thread 0x000001d47736d5b0 DEOPT PACKING pc=0x000001d479fb3b25 sp=0x0000001363ffd4d0
Event: 2.324 Thread 0x000001d47736d5b0 DEOPT UNPACKING pc=0x000001d479612b43 sp=0x0000001363ffca38 mode 3
Event: 4.245 Thread 0x000001d47736d5b0 DEOPT PACKING pc=0x000001d479d69dd4 sp=0x0000001363ffbad0
Event: 4.245 Thread 0x000001d47736d5b0 DEOPT UNPACKING pc=0x000001d479612b43 sp=0x0000001363ffb028 mode 0
Event: 4.629 Thread 0x000001d47736d5b0 DEOPT PACKING pc=0x000001d479d48d52 sp=0x0000001363ffbe90
Event: 4.629 Thread 0x000001d47736d5b0 DEOPT UNPACKING pc=0x000001d479612b43 sp=0x0000001363ffb398 mode 3
Event: 4.629 Thread 0x000001d47736d5b0 DEOPT PACKING pc=0x000001d479d1f39c sp=0x0000001363ffbe50
Event: 4.629 Thread 0x000001d47736d5b0 DEOPT UNPACKING pc=0x000001d479612b43 sp=0x0000001363ffb398 mode 3
Event: 167.919 Thread 0x000001d416f91c00 DEOPT PACKING pc=0x000001d4799ac896 sp=0x00000013671fcc80
Event: 167.919 Thread 0x000001d416f91c00 DEOPT UNPACKING pc=0x000001d479612b43 sp=0x00000013671fc188 mode 3
Event: 329.377 Thread 0x000001d417d92740 DEOPT PACKING pc=0x000001d47990023b sp=0x000000136b8feac0
Event: 329.377 Thread 0x000001d417d92740 DEOPT UNPACKING pc=0x000001d479612b43 sp=0x000000136b8fdff0 mode 3

Classes loaded (20 events):
Event: 313.812 Loading class java/util/zip/Deflater
Event: 313.812 Loading class java/util/zip/Deflater done
Event: 313.812 Loading class java/util/zip/Deflater$DeflaterZStreamRef
Event: 313.812 Loading class java/util/zip/Deflater$DeflaterZStreamRef done
Event: 313.814 Loading class sun/security/provider/MD5
Event: 313.815 Loading class sun/security/provider/MD5 done
Event: 313.841 Loading class sun/nio/ch/IOVecWrapper
Event: 313.841 Loading class sun/nio/ch/IOVecWrapper done
Event: 313.841 Loading class sun/nio/ch/AllocatedNativeObject
Event: 313.841 Loading class sun/nio/ch/NativeObject
Event: 313.841 Loading class sun/nio/ch/NativeObject done
Event: 313.841 Loading class sun/nio/ch/AllocatedNativeObject done
Event: 313.841 Loading class sun/nio/ch/IOVecWrapper$Deallocator
Event: 313.841 Loading class sun/nio/ch/IOVecWrapper$Deallocator done
Event: 313.848 Loading class java/util/concurrent/LinkedBlockingQueue$Itr
Event: 313.848 Loading class java/util/concurrent/LinkedBlockingQueue$Itr done
Event: 329.356 Loading class java/nio/channels/InterruptedByTimeoutException
Event: 329.357 Loading class java/nio/channels/InterruptedByTimeoutException done
Event: 329.362 Loading class java/util/concurrent/locks/ReentrantReadWriteLock$Sync$HoldCounter
Event: 329.362 Loading class java/util/concurrent/locks/ReentrantReadWriteLock$Sync$HoldCounter done

Classes unloaded (0 events):
No events

Classes redefined (0 events):
No events

Internal exceptions (20 events):
Event: 4.833 Thread 0x000001d47736d5b0 Exception <a 'java/lang/NoSuchMethodError'{0x000000070f5bb6a8}: 'java.lang.Object java.lang.invoke.DirectMethodHandle$Holder.newInvokeSpecial(java.lang.Object, java.lang.Object, int, java.lang.Object, java.lang.Object)'> (0x000000070f5bb6a8) 
thrown [s\open\src\hotspot\share\interpreter\linkResolver.cpp, line 759]
Event: 4.833 Thread 0x000001d47736d5b0 Exception <a 'java/lang/NoSuchMethodError'{0x000000070f5c6d28}: 'java.lang.Object java.lang.invoke.DirectMethodHandle$Holder.invokeSpecial(java.lang.Object, java.lang.Object, int, java.lang.Object, int, java.lang.Object)'> (0x000000070f5c6d28) 
thrown [s\open\src\hotspot\share\interpreter\linkResolver.cpp, line 759]
Event: 4.834 Thread 0x000001d47736d5b0 Exception <a 'java/lang/NoSuchMethodError'{0x000000070f5ceb30}: 'java.lang.Object java.lang.invoke.DirectMethodHandle$Holder.newInvokeSpecial(java.lang.Object, java.lang.Object, int, java.lang.Object, int)'> (0x000000070f5ceb30) 
thrown [s\open\src\hotspot\share\interpreter\linkResolver.cpp, line 759]
Event: 4.834 Thread 0x000001d47736d5b0 Exception <a 'java/lang/NoSuchMethodError'{0x000000070f5d2c38}: 'java.lang.Object java.lang.invoke.DirectMethodHandle$Holder.invokeSpecial(java.lang.Object, java.lang.Object, java.lang.Object, int, java.lang.Object, int)'> (0x000000070f5d2c38) 
thrown [s\open\src\hotspot\share\interpreter\linkResolver.cpp, line 759]
Event: 4.937 Thread 0x000001d417ba25c0 Exception <a 'java/lang/NoSuchMethodError'{0x000000070eeab838}: 'java.lang.Object java.lang.invoke.DirectMethodHandle$Holder.invokeInterface(java.lang.Object, java.lang.Object, java.lang.Object, java.lang.Object, java.lang.Object, java.lang.Object, java.lang.Object)'> (0x000000070eeab838) 
thrown [s\open\src\hotspot\share\interpreter\linkResolver.cpp, line 759]
Event: 8.614 Thread 0x000001d416f8f580 Exception <a 'java/lang/NoSuchMethodError'{0x000000070ecd1838}: 'java.lang.Object java.lang.invoke.DirectMethodHandle$Holder.invokeSpecial(java.lang.Object, java.lang.Object, java.lang.Object, java.lang.Object, java.lang.Object, long)'> (0x000000070ecd1838) 
thrown [s\open\src\hotspot\share\interpreter\linkResolver.cpp, line 759]
Event: 8.614 Thread 0x000001d416f8f580 Exception <a 'java/lang/NoSuchMethodError'{0x000000070ecd5280}: 'java.lang.Object java.lang.invoke.Invokers$Holder.linkToTargetMethod(java.lang.Object, java.lang.Object, java.lang.Object, long, java.lang.Object)'> (0x000000070ecd5280) 
thrown [s\open\src\hotspot\share\interpreter\linkResolver.cpp, line 759]
Event: 8.835 Thread 0x000001d416f8f580 Exception <a 'java/lang/IncompatibleClassChangeError'{0x000000070ef1b2b0}: Found class java.lang.Object, but interface was expected> (0x000000070ef1b2b0) 
thrown [s\open\src\hotspot\share\interpreter\linkResolver.cpp, line 826]
Event: 19.235 Thread 0x000001d416f90d90 Exception <a 'java/lang/NoSuchMethodError'{0x000000070ea74f60}: 'void java.lang.invoke.Invokers$Holder.invokeExact_MT(java.lang.Object, java.lang.Object, int, java.lang.Object)'> (0x000000070ea74f60) 
thrown [s\open\src\hotspot\share\interpreter\linkResolver.cpp, line 759]
Event: 64.549 Thread 0x000001d416f920d0 Exception <a 'java/lang/NoSuchMethodError'{0x000000070dec1010}: 'java.lang.Object java.lang.invoke.DirectMethodHandle$Holder.invokeSpecial(java.lang.Object, java.lang.Object, long, int, int, int, int, int, int, int, int, int)'> (0x000000070dec1010) 
thrown [s\open\src\hotspot\share\interpreter\linkResolver.cpp, line 759]
Event: 64.550 Thread 0x000001d416f920d0 Exception <a 'java/lang/NoSuchMethodError'{0x000000070dec4cb0}: 'java.lang.Object java.lang.invoke.DelegatingMethodHandle$Holder.reinvoke_L(java.lang.Object, long, int, int, int, int, int, int, int, int, int)'> (0x000000070dec4cb0) 
thrown [s\open\src\hotspot\share\interpreter\linkResolver.cpp, line 759]
Event: 313.772 Thread 0x000001d416f91c00 Exception <a 'java/lang/NoSuchMethodError'{0x000000070c7e6ba8}: 'java.lang.Object java.lang.invoke.DirectMethodHandle$Holder.invokeStatic(java.lang.Object, int, int)'> (0x000000070c7e6ba8) 
thrown [s\open\src\hotspot\share\interpreter\linkResolver.cpp, line 759]
Event: 313.880 Thread 0x000001d417ba3900 Exception <a 'java/lang/NoSuchMethodError'{0x000000070c0b1730}: 'java.lang.Object java.lang.invoke.DirectMethodHandle$Holder.newInvokeSpecial(java.lang.Object, java.lang.Object, java.lang.Object, long)'> (0x000000070c0b1730) 
thrown [s\open\src\hotspot\share\interpreter\linkResolver.cpp, line 759]
Event: 313.880 Thread 0x000001d417ba3900 Exception <a 'java/lang/NoSuchMethodError'{0x000000070c0b57c0}: 'java.lang.Object java.lang.invoke.DirectMethodHandle$Holder.invokeSpecial(java.lang.Object, java.lang.Object, java.lang.Object, java.lang.Object, long)'> (0x000000070c0b57c0) 
thrown [s\open\src\hotspot\share\interpreter\linkResolver.cpp, line 759]
Event: 313.880 Thread 0x000001d417ba3900 Exception <a 'java/lang/NoSuchMethodError'{0x000000070c0b91a0}: 'java.lang.Object java.lang.invoke.Invokers$Holder.linkToTargetMethod(java.lang.Object, java.lang.Object, long, java.lang.Object)'> (0x000000070c0b91a0) 
thrown [s\open\src\hotspot\share\interpreter\linkResolver.cpp, line 759]
Event: 329.356 Thread 0x000001d416f925a0 Exception <a 'java/io/IOException'{0x000000070f4c4d20}> (0x000000070f4c4d20) 
thrown [s\open\src\hotspot\share\prims\jni.cpp, line 516]
Event: 329.357 Thread 0x000001d416f925a0 Exception <a 'java/lang/NoSuchMethodError'{0x000000070f4c6250}: 'java.lang.Object java.lang.invoke.DirectMethodHandle$Holder.invokeStaticInit(java.lang.Object, int)'> (0x000000070f4c6250) 
thrown [s\open\src\hotspot\share\interpreter\linkResolver.cpp, line 759]
Event: 354.042 Thread 0x000001d416f903f0 Exception <a 'java/io/IOException'{0x000000070ecf3e80}> (0x000000070ecf3e80) 
thrown [s\open\src\hotspot\share\prims\jni.cpp, line 516]
Event: 354.479 Thread 0x000001d417d196f0 Exception <a 'java/io/IOException'{0x000000070ed814e0}> (0x000000070ed814e0) 
thrown [s\open\src\hotspot\share\prims\jni.cpp, line 516]
Event: 354.486 Thread 0x000001d415d9ffc0 Exception <a 'java/io/IOException'{0x000000070eb42d78}> (0x000000070eb42d78) 
thrown [s\open\src\hotspot\share\prims\jni.cpp, line 516]

VM Operations (20 events):
Event: 355.638 Executing VM operation: G1CollectForAllocation done
Event: 355.638 Executing VM operation: G1CollectForAllocation
Event: 355.644 Executing VM operation: G1CollectForAllocation done
Event: 355.962 Executing VM operation: G1CollectForAllocation
Event: 355.963 Executing VM operation: G1CollectForAllocation done
Event: 355.963 Executing VM operation: G1CollectForAllocation
Event: 355.966 Executing VM operation: G1CollectForAllocation done
Event: 356.299 Executing VM operation: G1CollectForAllocation
Event: 356.300 Executing VM operation: G1CollectForAllocation done
Event: 356.300 Executing VM operation: G1CollectForAllocation
Event: 356.303 Executing VM operation: G1CollectForAllocation done
Event: 356.616 Executing VM operation: G1CollectForAllocation
Event: 356.617 Executing VM operation: G1CollectForAllocation done
Event: 356.617 Executing VM operation: G1CollectForAllocation
Event: 356.621 Executing VM operation: G1CollectForAllocation done
Event: 356.868 Executing VM operation: G1CollectForAllocation
Event: 356.872 Executing VM operation: G1CollectForAllocation done
Event: 357.226 Executing VM operation: G1CollectForAllocation
Event: 357.226 Executing VM operation: G1CollectForAllocation done
Event: 357.226 Executing VM operation: G1CollectForAllocation

Events (20 events):
Event: 333.491 Thread 0x000001d417cb2820 Thread exited: 0x000001d417cb2820
Event: 333.491 Thread 0x000001d4180c4950 Thread exited: 0x000001d4180c4950
Event: 333.504 Thread 0x000001d4180c4950 Thread added: 0x000001d4180c4950
Event: 333.504 Thread 0x000001d417cb2820 Thread added: 0x000001d417cb2820
Event: 333.504 Thread 0x000001d417cb2d20 Thread added: 0x000001d417cb2d20
Event: 338.516 Thread 0x000001d417cb2d20 Thread exited: 0x000001d417cb2d20
Event: 342.209 Thread 0x000001d417cb2820 Thread exited: 0x000001d417cb2820
Event: 347.211 Thread 0x000001d4180c4950 Thread exited: 0x000001d4180c4950
Event: 354.038 Thread 0x000001d415d9faf0 Thread added: 0x000001d415d9faf0
Event: 354.038 Thread 0x000001d415d9f620 Thread added: 0x000001d415d9f620
Event: 354.039 Thread 0x000001d415d9ffc0 Thread added: 0x000001d415d9ffc0
Event: 354.040 Thread 0x000001d415da0490 Thread added: 0x000001d415da0490
Event: 354.040 Thread 0x000001d415da0960 Thread added: 0x000001d415da0960
Event: 354.041 Thread 0x000001d415da0e30 Thread added: 0x000001d415da0e30
Event: 354.041 Thread 0x000001d418032010 Thread added: 0x000001d418032010
Event: 354.042 Thread 0x000001d415cf78c0 Thread added: 0x000001d415cf78c0
Event: 354.042 Thread 0x000001d417f11830 Thread added: 0x000001d417f11830
Event: 354.218 Thread 0x000001d417ba5110 Thread exited: 0x000001d417ba5110
Event: 354.450 Thread 0x000001d415da1ca0 Thread added: 0x000001d415da1ca0
Event: 357.194 Thread 0x000001d41a5e8ea0 Thread added: 0x000001d41a5e8ea0


Dynamic libraries:
0x00007ff7ba7f0000 - 0x00007ff7ba7fe000 	C:\Users\zheny\.jdks\openjdk-18.0.2.1\bin\java.exe
0x00007ff8b3290000 - 0x00007ff8b34a4000 	C:\WINDOWS\SYSTEM32\ntdll.dll
0x00007ff8b1940000 - 0x00007ff8b1a02000 	C:\WINDOWS\System32\KERNEL32.DLL
0x00007ff8b0a10000 - 0x00007ff8b0db3000 	C:\WINDOWS\System32\KERNELBASE.dll
0x00007ff8b0f00000 - 0x00007ff8b1011000 	C:\WINDOWS\System32\ucrtbase.dll
0x00007ff8ab470000 - 0x00007ff8ab48a000 	C:\Users\zheny\.jdks\openjdk-18.0.2.1\bin\VCRUNTIME140.dll
0x00007ff89e860000 - 0x00007ff89e877000 	C:\Users\zheny\.jdks\openjdk-18.0.2.1\bin\jli.dll
0x00007ff8b30a0000 - 0x00007ff8b324b000 	C:\WINDOWS\System32\USER32.dll
0x00007ff8b09e0000 - 0x00007ff8b0a06000 	C:\WINDOWS\System32\win32u.dll
0x00007ff89f270000 - 0x00007ff89f4fe000 	C:\WINDOWS\WinSxS\amd64_microsoft.windows.common-controls_6595b64144ccf1df_6.0.22621.1635_none_270f70857386168e\COMCTL32.dll
0x00007ff8b1bd0000 - 0x00007ff8b1bf9000 	C:\WINDOWS\System32\GDI32.dll
0x00007ff8b1b20000 - 0x00007ff8b1bc7000 	C:\WINDOWS\System32\msvcrt.dll
0x00007ff8b06b0000 - 0x00007ff8b07c8000 	C:\WINDOWS\System32\gdi32full.dll
0x00007ff8b07d0000 - 0x00007ff8b086a000 	C:\WINDOWS\System32\msvcp_win.dll
0x00007ff8b1730000 - 0x00007ff8b1761000 	C:\WINDOWS\System32\IMM32.DLL
0x00007ff8ab460000 - 0x00007ff8ab46c000 	C:\Users\zheny\.jdks\openjdk-18.0.2.1\bin\vcruntime140_1.dll
0x00007ff87e7d0000 - 0x00007ff87e85d000 	C:\Users\zheny\.jdks\openjdk-18.0.2.1\bin\msvcp140.dll
0x00007ff83a5c0000 - 0x00007ff83b1d1000 	C:\Users\zheny\.jdks\openjdk-18.0.2.1\bin\server\jvm.dll
0x00007ff8b2ff0000 - 0x00007ff8b309e000 	C:\WINDOWS\System32\ADVAPI32.dll
0x00007ff8b1680000 - 0x00007ff8b1724000 	C:\WINDOWS\System32\sechost.dll
0x00007ff8b13c0000 - 0x00007ff8b14d7000 	C:\WINDOWS\System32\RPCRT4.dll
0x00007ff8b1770000 - 0x00007ff8b1778000 	C:\WINDOWS\System32\PSAPI.DLL
0x00007ff8a7b60000 - 0x00007ff8a7b6a000 	C:\WINDOWS\SYSTEM32\VERSION.dll
0x00007ff8a7640000 - 0x00007ff8a7674000 	C:\WINDOWS\SYSTEM32\WINMM.dll
0x00007ff8ab4b0000 - 0x00007ff8ab4b9000 	C:\WINDOWS\SYSTEM32\WSOCK32.dll
0x00007ff8b2cf0000 - 0x00007ff8b2d61000 	C:\WINDOWS\System32\WS2_32.dll
0x00007ff8af7b0000 - 0x00007ff8af7c8000 	C:\WINDOWS\SYSTEM32\kernel.appcore.dll
0x00007ff8ab3a0000 - 0x00007ff8ab3aa000 	C:\Users\zheny\.jdks\openjdk-18.0.2.1\bin\jimage.dll
0x00007ff8ae0f0000 - 0x00007ff8ae31e000 	C:\WINDOWS\SYSTEM32\DBGHELP.DLL
0x00007ff8b1c00000 - 0x00007ff8b1f89000 	C:\WINDOWS\System32\combase.dll
0x00007ff8b2790000 - 0x00007ff8b2867000 	C:\WINDOWS\System32\OLEAUT32.dll
0x00007ff8a55e0000 - 0x00007ff8a5612000 	C:\WINDOWS\SYSTEM32\dbgcore.DLL
0x00007ff8b0e80000 - 0x00007ff8b0efb000 	C:\WINDOWS\System32\bcryptPrimitives.dll
0x00007ff89e630000 - 0x00007ff89e655000 	C:\Users\zheny\.jdks\openjdk-18.0.2.1\bin\java.dll
0x00007ff865980000 - 0x00007ff865a56000 	C:\Users\zheny\.jdks\openjdk-18.0.2.1\bin\jsvml.dll
0x00007ff8b1f90000 - 0x00007ff8b278a000 	C:\WINDOWS\System32\SHELL32.dll
0x00007ff8ae670000 - 0x00007ff8aef3e000 	C:\WINDOWS\SYSTEM32\windows.storage.dll
0x00007ff8ae530000 - 0x00007ff8ae66e000 	C:\WINDOWS\SYSTEM32\wintypes.dll
0x00007ff8b1a10000 - 0x00007ff8b1b01000 	C:\WINDOWS\System32\SHCORE.dll
0x00007ff8b1280000 - 0x00007ff8b12de000 	C:\WINDOWS\System32\shlwapi.dll
0x00007ff8b05e0000 - 0x00007ff8b0601000 	C:\WINDOWS\SYSTEM32\profapi.dll
0x00007ff89e4d0000 - 0x00007ff89e4e3000 	C:\Users\zheny\.jdks\openjdk-18.0.2.1\bin\net.dll
0x00007ff8aaac0000 - 0x00007ff8aabf7000 	C:\WINDOWS\SYSTEM32\WINHTTP.dll
0x00007ff8afc10000 - 0x00007ff8afc79000 	C:\WINDOWS\system32\mswsock.dll
0x00007ff89e4b0000 - 0x00007ff89e4c6000 	C:\Users\zheny\.jdks\openjdk-18.0.2.1\bin\nio.dll
0x00007ff89e490000 - 0x00007ff89e4a8000 	C:\Users\zheny\.jdks\openjdk-18.0.2.1\bin\zip.dll
0x00007ff8af280000 - 0x00007ff8af373000 	C:\WINDOWS\SYSTEM32\DNSAPI.dll
0x00007ff8af210000 - 0x00007ff8af23d000 	C:\WINDOWS\SYSTEM32\IPHLPAPI.DLL
0x00007ff8b1b10000 - 0x00007ff8b1b19000 	C:\WINDOWS\System32\NSI.dll
0x00007ff8a9070000 - 0x00007ff8a907a000 	C:\Windows\System32\rasadhlp.dll
0x00007ff8a8fd0000 - 0x00007ff8a9054000 	C:\WINDOWS\System32\fwpuclnt.dll
0x00007ff89e370000 - 0x00007ff89e379000 	C:\Users\zheny\.jdks\openjdk-18.0.2.1\bin\management.dll
0x00007ff89e360000 - 0x00007ff89e36b000 	C:\Users\zheny\.jdks\openjdk-18.0.2.1\bin\management_ext.dll
0x00007ff8aff30000 - 0x00007ff8aff4b000 	C:\WINDOWS\SYSTEM32\CRYPTSP.dll
0x00007ff8af720000 - 0x00007ff8af755000 	C:\WINDOWS\system32\rsaenh.dll
0x00007ff8afcb0000 - 0x00007ff8afcd8000 	C:\WINDOWS\SYSTEM32\USERENV.dll
0x00007ff8b0060000 - 0x00007ff8b0088000 	C:\WINDOWS\SYSTEM32\bcrypt.dll
0x00007ff8aff10000 - 0x00007ff8aff1c000 	C:\WINDOWS\SYSTEM32\CRYPTBASE.dll
0x00007ff8a9510000 - 0x00007ff8a9529000 	C:\WINDOWS\SYSTEM32\dhcpcsvc6.DLL
0x00007ff8a9420000 - 0x00007ff8a943f000 	C:\WINDOWS\SYSTEM32\dhcpcsvc.DLL
0x00007ff886050000 - 0x00007ff886067000 	C:\WINDOWS\system32\napinsp.dll
0x00007ff881bf0000 - 0x00007ff881c0b000 	C:\WINDOWS\system32\pnrpnsp.dll
0x00007ff881bd0000 - 0x00007ff881be1000 	C:\WINDOWS\System32\winrnr.dll
0x00007ff8a8f00000 - 0x00007ff8a8f15000 	C:\WINDOWS\system32\wshbth.dll
0x00007ff881d60000 - 0x00007ff881d81000 	C:\WINDOWS\system32\nlansp_c.dll
0x00007ff8a4c60000 - 0x00007ff8a4c70000 	C:\Users\zheny\.jdks\openjdk-18.0.2.1\bin\verify.dll
0x00007ff8a94f0000 - 0x00007ff8a94fe000 	C:\Users\zheny\.jdks\openjdk-18.0.2.1\bin\sunmscapi.dll
0x00007ff8b0870000 - 0x00007ff8b09d7000 	C:\WINDOWS\System32\CRYPT32.dll
0x00007ff8b0030000 - 0x00007ff8b005e000 	C:\WINDOWS\SYSTEM32\ncrypt.dll
0x00007ff8afff0000 - 0x00007ff8b0027000 	C:\WINDOWS\SYSTEM32\NTASN1.dll

dbghelp: loaded successfully - version: 4.0.5 - missing functions: none
symbol engine: initialized successfully - sym options: 0x614 - pdb path: .;C:\Users\zheny\.jdks\openjdk-18.0.2.1\bin;C:\WINDOWS\SYSTEM32;C:\WINDOWS\WinSxS\amd64_microsoft.windows.common-controls_6595b64144ccf1df_6.0.22621.1635_none_270f70857386168e;C:\Users\zheny\.jdks\openjdk-18.0.2.1\bin\server

VM Arguments:
jvm_args: -Dij.spring.boot.application.process=9c821e35-f98e-43cb-9bf7-b4ed079f56ed -Dmanagement.endpoints.jmx.exposure.include=* -Dspring.application.admin.enabled=true -Dspring.jmx.enabled=true -Dspring.liveBeansView.mbeanDomain -Dspring.output.ansi.enabled=always -XX:TieredStopAtLevel=1 -Dcom.sun.management.jmxremote -Dfile.encoding=windows-1251 -Duser.country=RU -Duser.language=ru -Duser.variant 
java_command: com.bsuir.chatroomserver.ChatRoomServerApplication
java_class_path (initial): E:\\\chat-room-server\build\classes\java\main;E:\\\chat-room-server\build\resources\main;C:\Users\zheny\.gradle\caches\modules-2\files-2.1\org.springframework.boot\spring-boot-starter-websocket\3.0.6\6a981ef4f646e568ef19bec758e8b3d8d8f3b941\spring-boot-starter-websocket-3.0.6.jar;C:\Users\zheny\.gradle\caches\modules-2\files-2.1\org.springframework.boot\spring-boot-starter-data-jpa\3.0.6\d0b6b836a6e3a223a92e6594c2d8c5f0a7cccec\spring-boot-starter-data-jpa-3.0.6.jar;C:\Users\zheny\.gradle\caches\modules-2\files-2.1\org.springframework.boot\spring-boot-starter-security\3.0.6\e9f3c6cf299f1dd967f5a7fbca7815183c4ba4b1\spring-boot-starter-security-3.0.6.jar;C:\Users\zheny\.gradle\caches\modules-2\files-2.1\org.springframework.boot\spring-boot-starter-mail\3.0.6\2609c101e2169728e3f9012480867bf73311101d\spring-boot-starter-mail-3.0.6.jar;C:\Users\zheny\.gradle\caches\modules-2\files-2.1\io.jsonwebtoken\jjwt-jackson\0.11.2\bff0b63d4cbace7b38551a70350875e69201ffeb\jjwt-jackson-0.11.2.jar;C:\Users\zheny\.gradle\caches\modules-2\files-2.1\org.springframework.boot\spring-boot-starter-web\3.0.6\7c6597cae584c359d7e4ddea6e006176e0c15936\spring-boot-starter-web-3.0.6.jar;C:\Users\zheny\.gradle\caches\modules-2\files-2.1\org.springframework.boot\spring-boot-starter-json\3.0.6\e0a1dd1653750a8e0a25b7b6be977231d7fa607e\spring-boot-starter-json-3.0.6.jar;C:\Users\zheny\.gradle\caches\modules-2\files-2.1\com.fasterxml.jackson.datatype\jackson-datatype-jsr310\2.14.2\796518148a385b2728d44886cc0f8852eb8eeb53\jackson-datatype-jsr310-2.14.2.jar;C:\Users\zheny\.gradle\caches\modules-2\files-2.1\com.fasterxml.jackson.core\jackson-annotations\2.14.2\a7aae9525864930723e3453ab799521fdfd9d873\jackson-annotations-2.14.2.jar;C:\Users\zheny\.gradle\caches\modules-2\files-2.1\com.fasterxml.jackson.datatype\jackson-datatype-jdk8\2.14.2\2f3c71211b6ea7a978eba33574d7135d536e07fb\jackson-datatype-jdk8-2.14.2.jar;C:\Users\zheny\.gradle\caches\modules-2\files-2.1\com.fasterxml.jackson.module\jackson-module-parameter-names\2.14.2\2b6c19b3d99dda02915515df879ab9e23fed3864\jackson-module-parameter-names-2.14.2.jar;C:\Users\zheny\.gradle\caches\modules-2\files-2.1\com.fasterxml.jackson.core\jackson-core\2.14.2\f804090e6399ce0cf78242db086017512dd71fcc\jackson-core-2.14.2.jar;C:\Users\zheny\.gradle\caches\modules-2\files-2.1\com.fasterxml.jackson.core\jackson-databind\2.14.2\1e71fddbc80bb86f71a6345ac1e8ab8a00e7134\jackson-databind-2.14.2.jar;C:\Users\zheny\.gradle\caches\modules-2\files-2.1\mysql\mysql-connector-java\8.0.26\e5ec6610020a3084b7d32ee725d1650176f6b3de\mysql-connector-java-8.0.26.jar;C:\Users\zheny\.gradle\caches\modules-2\files-2.1\commons-net\commons-net\3.8.0\63ea56587c8aaf05adab5cb0397e056bac8a2db0\commons-net-3.8.0.jar;C:\Users\zheny\.gradle\caches\modules-2\files-2.1\io.jsonwebtoken\jjwt-impl\0.11.2\8fd8acf9d3cb9a2db05bfa484c2a1408cc3507f9\jjwt-impl-0.11.2.jar;C:\Users\zheny\.gradle\caches\modules-2\files-2.1\io.jsonwebtoken\jjwt-api\0.11.2\57c34dce3e88f2972c5c5465b6291acfb5628084\jjwt-api-0.11.2.jar;C:\Users\zheny\.gradle\caches\modules-2\files-2.1\org.springframework\spring-messaging\6.0.8\26d79966f3bd5bab15f5a14c1307d215739940b2\spring-messaging-6.0.8.jar;C:\Users\zheny\.gradle\caches\modules-2\files-2.1\org.springframework\spring-websocket\6.0.8\798ff792b586b035fa71216ce4f955ad77ddfed5\spring-websocket-6.0.8.jar;C:\Users\zheny\.gradle\caches\modules-2\files-2.1\org.springframework.boot\spring-boot-starter-aop\3.0.6\bb39de062db9b7b7a277e6c026ed5ac45f544fc8\spring-boot-starter-aop-3.0.6.jar;C:\Users\zheny\.gradle\caches\modules-2\files-2.1\org.springframework.boot\spring-boot-starter-jdbc\3.0.6\672661f4a90a9479170fba058a88892dac5ba69c\spring-boot-starter-jdbc-3.0.6.jar;C:\Users\zheny\.gradle\caches\modules-2\files-2.1\org.hibernate.orm\hibernate-core\6.1.7.Final\343f47b34c96fe9c44bf9b219a7b3c5d6d2fc90e\hibernate-core-6.1.7.Final.jar;C:\Users\zheny\.gradle\caches\modules-2\files-2.1\org.springframework.data\spring-data-jpa\3.0.5\84987fbd727eb0cf2f164dd07fe2bd697ddde8f1\spring-data-jpa-3.0.5.jar;C:\Users\zheny\.gradle\caches\modules-2\files-2.1\org.springframework\spring-aspects\6.0.8\53e6f4b4136b40cc0a7137fb05e38b45c2c286fe\spring-aspects-6.0.8.jar;C:\Users\zheny\.gradle\caches\modules-2\files-2.1\org.springframework.boot\spring-boot-starter\3.0.6\1029c155da41fa04820cf81fdbe5752260eead5\spring-boot-starter-3.0.6.jar;C:\Users\zheny\.gradle\caches\modules-2\files-2.1\org.springframework.security\spring-security-config\6.0.3\77e315f8b10271c0423ce650f0aeaa6fba17ce16\spring-security-config-6.0.3.jar;C:\Users\zheny\.gradle\caches\modules-2\files-2.1\org.springframework.security\spring-security-web\6.0.3\7a2c26fd8e1c0f6709fbb034f76d3ef50ea5b929\spring-security-web-6.0.3.jar;C:\Users\zheny\.gradle\caches\modules-2\files-2.1\org.springframework\spring-webmvc\6.0.8\10b9481118ecf8ae9dc6f9fb47f95ed6da0e43e\spring-webmvc-6.0.8.jar;C:\Users\zheny\.gradle\caches\modules-2\files-2.1\org.springframework\spring-context-support\6.0.8\179937b4173fc1e6afe0f0d0a4b07c55c83644c0\spring-context-support-6.0.8.jar;C:\Users\zheny\.gradle\caches\modules-2\files-2.1\org.springframework.boot\spring-boot-autoconfigure\3.0.6\8ccd83b2530c96595f92b4e07c1bb17560bfba8b\spring-boot-autoconfigure-3.0.6.jar;C:\Users\zheny\.gradle\caches\modules-2\files-2.1\org.springframework.boot\spring-boot\3.0.6\95ac2c7aa28fcdef587b2c4f554016f8b9af624\spring-boot-3.0.6.jar;C:\Users\zheny\.gradle\caches\modules-2\files-2.1\org.springframework.security\spring-security-core\6.0.3\d3b35481b651c777fd7366b8a496a1d67098fed3\spring-security-core-6.0.3.jar;C:\Users\zheny\.gradle\caches\modules-2\files-2.1\org.springframework\spring-context\6.0.8\4550c5e2bbb8cd07647b1b29b47c73cf4732de8c\spring-context-6.0.8.jar;C:\Users\zheny\.gradle\caches\modules-2\files-2.1\org.springframework\spring-aop\6.0.8\36c4cf00bab58bbcd60134a154e290185fa71bfa\spring-aop-6.0.8.jar;C:\Users\zheny\.gradle\caches\modules-2\files-2.1\org.eclipse.angus\jakarta.mail\1.0.0\f532ff97458d67ea6f4bfff372bfaae8803cad66\jakarta.mail-1.0.0.jar;C:\Users\zheny\.gradle\caches\modules-2\files-2.1\com.google.protobuf\protobuf-java\3.11.4\7ec0925cc3aef0335bbc7d57edfd42b0f86f8267\protobuf-java-3.11.4.jar;C:\Users\zheny\.gradle\caches\modules-2\files-2.1\org.springframework.boot\spring-boot-starter-tomcat\3.0.6\feae12210905b6cb7ce8affce4f309665c4a805b\spring-boot-starter-tomcat-3.0.6.jar;C:\Users\zheny\.gradle\caches\modules-2\files-2.1\org.springframework\spring-web\6.0.8\b2d3643c5dd191b07c642adca0de40c303bb7505\spring-web-6.0.8.jar;C:\Users\zheny\.gradle\caches\modules-2\files-2.1\org.springframework\spring-orm\6.0.8\97d41b8e4e9823e611cd49aa10730c4055720cb4\spring-orm-6.0.8.jar;C:\Users\zheny\.gradle\caches\modules-2\files-2.1\org.springframework\spring-jdbc\6.0.8\3f8e24e37d4ab6982c3979a6d19955023f93f145\spring-jdbc-6.0.8.jar;C:\Users\zheny\.gradle\caches\modules-2\files-2.1\org.springframework.data\spring-data-commons\3.0.5\bd41ef8c15f83b2dcd699e358f6565d650280a0a\spring-data-commons-3.0.5.jar;C:\Users\zheny\.gradle\caches\modules-2\files-2.1\org.springframework\spring-tx\6.0.8\d12a11ae6a6a6cb76bcbbf2d496abd25adac4a98\spring-tx-6.0.8.jar;C:\Users\zheny\.gradle\caches\modules-2\files-2.1\org.springframework\spring-beans\6.0.8\86393eaf6ace0a84aeb42d3bebaa3c0a660deaed\spring-beans-6.0.8.jar;C:\Users\zheny\.gradle\caches\modules-2\files-2.1\org.springframework\spring-expression\6.0.8\2e4f2132fbf168e716a618442d6100b71a0e95f9\spring-expression-6.0.8.jar;C:\Users\zheny\.gradle\caches\modules-2\files-2.1\org.springframework\spring-core\6.0.8\70c3748212ba1a64978e4ed1a3e5050204f1fe15\spring-core-6.0.8.jar;C:\Users\zheny\.gradle\caches\modules-2\files-2.1\org.aspectj\aspectjweaver\1.9.19\afbffb1210239fbba5cad73093c5b216d515838f\aspectjweaver-1.9.19.jar;C:\Users\zheny\.gradle\caches\modules-2\files-2.1\com.zaxxer\HikariCP\5.0.1\a74c7f0a37046846e88d54f7cb6ea6d565c65f9c\HikariCP-5.0.1.jar;C:\Users\zheny\.gradle\caches\modules-2\files-2.1\jakarta.persistence\jakarta.persistence-api\3.1.0\66901fa1c373c6aff65c13791cc11da72060a8d6\jakarta.persistence-api-3.1.0.jar;C:\Users\zheny\.gradle\caches\modules-2\files-2.1\jakarta.transaction\jakarta.transaction-api\2.0.1\51a520e3fae406abb84e2e1148e6746ce3f80a1a\jakarta.transaction-api-2.0.1.jar;C:\Users\zheny\.gradle\caches\modules-2\files-2.1\org.jboss.logging\jboss-logging\3.5.0.Final\c19307cc11f28f5e2679347e633a3294d865334d\jboss-logging-3.5.0.Final.jar;C:\Users\zheny\.gradle\caches\modules-2\files-2.1\org.hibernate.common\hibernate-commons-annotations\6.0.6.Final\77a5f94b56d49508e0ee334751db5b78e5ccd50c\hibernate-commons-annotations-6.0.6.Final.jar;C:\Users\zheny\.gradle\caches\modules-2\files-2.1\org.jboss\jandex\2.4.2.Final\1e1c385990b258ff1a24c801e84aebbacf70eb39\jandex-2.4.2.Final.jar;C:\Users\zheny\.gradle\caches\modules-2\files-2.1\com.fasterxml\classmate\1.5.1\3fe0bed568c62df5e89f4f174c101eab25345b6c\classmate-1.5.1.jar;C:\Users\zheny\.gradle\caches\modules-2\files-2.1\net.bytebuddy\byte-buddy\1.12.23\d470526e8c4566c04e9ae5d3ccb62d1a7aa58986\byte-buddy-1.12.23.jar;C:\Users\zheny\.gradle\caches\modules-2\files-2.1\org.glassfish.jaxb\jaxb-runtime\4.0.2\e4e4e0c5b0d42054d00dc4023901572a60d368c7\jaxb-runtime-4.0.2.jar;C:\Users\zheny\.gradle\caches\modules-2\files-2.1\org.glassfish.jaxb\jaxb-core\4.0.2\8c29249f6c10f4ee08967783831580b0f5c5360\jaxb-core-4.0.2.jar;C:\Users\zheny\.gradle\caches\modules-2\files-2.1\jakarta.xml.bind\jakarta.xml.bind-api\4.0.0\bbb399208d288b15ec101fa4fcfc4bd77cedc97a\jakarta.xml.bind-api-4.0.0.jar;C:\Users\zheny\.gradle\caches\modules-2\files-2.1\jakarta.inject\jakarta.inject-api\2.0.0\46fc8560b6fd17b78396d88f39c1a730457671f0\jakarta.inject-api-2.0.0.jar;C:\Users\zheny\.gradle\caches\modules-2\files-2.1\org.antlr\antlr4-runtime\4.10.1\10839f875928f59c622d675091d51a43ea0dc5f7\antlr4-runtime-4.10.1.jar;C:\Users\zheny\.gradle\caches\modules-2\files-2.1\jakarta.annotation\jakarta.annotation-api\2.1.1\48b9bda22b091b1f48b13af03fe36db3be6e1ae3\jakarta.annotation-api-2.1.1.jar;C:\Users\zheny\.gradle\caches\modules-2\files-2.1\org.springframework.boot\spring-boot-starter-logging\3.0.6\fbbba25bd9870f9a85dd282133019750b79ad9eb\spring-boot-starter-logging-3.0.6.jar;C:\Users\zheny\.gradle\caches\modules-2\files-2.1\ch.qos.logback\logback-classic\1.4.7\307944865579a6d490e6a4cbb5082dc8f36536ca\logback-classic-1.4.7.jar;C:\Users\zheny\.gradle\caches\modules-2\files-2.1\org.apache.logging.log4j\log4j-to-slf4j\2.19.0\30f4812e43172ecca5041da2cb6b965cc4777c19\log4j-to-slf4j-2.19.0.jar;C:\Users\zheny\.gradle\caches\modules-2\files-2.1\org.slf4j\jul-to-slf4j\2.0.7\a48f44aeaa8a5ddc347007298a28173ac1fbbd8b\jul-to-slf4j-2.0.7.jar;C:\Users\zheny\.gradle\caches\modules-2\files-2.1\org.slf4j\slf4j-api\2.0.7\41eb7184ea9d556f23e18b5cb99cad1f8581fc00\slf4j-api-2.0.7.jar;C:\Users\zheny\.gradle\caches\modules-2\files-2.1\org.yaml\snakeyaml\1.33\2cd0a87ff7df953f810c344bdf2fe3340b954c69\snakeyaml-1.33.jar;C:\Users\zheny\.gradle\caches\modules-2\files-2.1\org.eclipse.angus\angus-activation\2.0.0\72369f4e2314d38de2dcbb277141ef0226f73151\angus-activation-2.0.0.jar;C:\Users\zheny\.gradle\caches\modules-2\files-2.1\jakarta.activation\jakarta.activation-api\2.1.1\88c774ab863a21fb2fc4219af95379fafe499a31\jakarta.activation-api-2.1.1.jar;C:\Users\zheny\.gradle\caches\modules-2\files-2.1\org.apache.tomcat.embed\tomcat-embed-websocket\10.1.8\7abb8ab966dd135924c8e69cb2f1db735dee5f23\tomcat-embed-websocket-10.1.8.jar;C:\Users\zheny\.gradle\caches\modules-2\files-2.1\org.apache.tomcat.embed\tomcat-embed-core\10.1.8\ec4b884806c65c80c86bb3db134f6f6f99e79ed8\tomcat-embed-core-10.1.8.jar;C:\Users\zheny\.gradle\caches\modules-2\files-2.1\org.apache.tomcat.embed\tomcat-embed-el\10.1.8\6f3a4ae2ae37270eeb6e9bec4e7207facdc9e8fa\tomcat-embed-el-10.1.8.jar;C:\Users\zheny\.gradle\caches\modules-2\files-2.1\io.micrometer\micrometer-observation\1.10.6\2026f75e43d1354530d70be6e88221a46d696ca8\micrometer-observation-1.10.6.jar;C:\Users\zheny\.gradle\caches\modules-2\files-2.1\org.springframework\spring-jcl\6.0.8\72aa4dd5eaaede821d3f2ec856c2365c2042a326\spring-jcl-6.0.8.jar;C:\Users\zheny\.gradle\caches\modules-2\files-2.1\org.springframework.security\spring-security-crypto\6.0.3\20d87160fa7af55072d1398d1f9332d018a13a2a\spring-security-crypto-6.0.3.jar;C:\Users\zheny\.gradle\caches\modules-2\files-2.1\io.micrometer\micrometer-commons\1.10.6\ddbcbabad244c79537c918422ad3ba66e1a773b4\micrometer-commons-1.10.6.jar;C:\Users\zheny\.gradle\caches\modules-2\files-2.1\org.glassfish.jaxb\txw2\4.0.2\24e167be69c29ebb7ee0a3b1f9b546f1dfd111fc\txw2-4.0.2.jar;C:\Users\zheny\.gradle\caches\modules-2\files-2.1\com.sun.istack\istack-commons-runtime\4.1.1\9b3769c76235bc283b060da4fae2318c6d53f07e\istack-commons-runtime-4.1.1.jar;C:\Users\zheny\.gradle\caches\modules-2\files-2.1\ch.qos.logback\logback-core\1.4.7\a2948dae4013d0e9486141b4d638d8951becb767\logback-core-1.4.7.jar;C:\Users\zheny\.gradle\caches\modules-2\files-2.1\org.apache.logging.log4j\log4j-api\2.19.0\ea1b37f38c327596b216542bc636cfdc0b8036fa\log4j-api-2.19.0.jar
Launcher Type: SUN_STANDARD

[Global flags]
     intx CICompilerCount                          = 12                                        {product} {ergonomic}
     uint ConcGCThreads                            = 3                                         {product} {ergonomic}
     uint G1ConcRefinementThreads                  = 13                                        {product} {ergonomic}
   size_t G1HeapRegionSize                         = 2097152                                   {product} {ergonomic}
    uintx GCDrainStackTargetSize                   = 64                                        {product} {ergonomic}
   size_t InitialHeapSize                          = 260046848                                 {product} {ergonomic}
     bool ManagementServer                         = true                                      {product} {command line}
   size_t MarkStackSize                            = 4194304                                   {product} {ergonomic}
   size_t MaxHeapSize                              = 4139778048                                {product} {ergonomic}
   size_t MaxNewSize                               = 2483027968                                {product} {ergonomic}
   size_t MinHeapDeltaBytes                        = 2097152                                   {product} {ergonomic}
   size_t MinHeapSize                              = 8388608                                   {product} {ergonomic}
    uintx NonProfiledCodeHeapSize                  = 0                                      {pd product} {ergonomic}
     bool ProfileInterpreter                       = false                                  {pd product} {command line}
    uintx ProfiledCodeHeapSize                     = 0                                      {pd product} {ergonomic}
   size_t SoftMaxHeapSize                          = 4139778048                             {manageable} {ergonomic}
     intx TieredStopAtLevel                        = 1                                         {product} {command line}
     bool UseCompressedClassPointers               = true                           {product lp64_product} {ergonomic}
     bool UseCompressedOops                        = true                           {product lp64_product} {ergonomic}
     bool UseG1GC                                  = true                                      {product} {ergonomic}
     bool UseLargePagesIndividualAllocation        = false                                  {pd product} {ergonomic}

Logging:
Log output configuration:
 #0: stdout all=warning uptime,level,tags foldmultilines=false
 #1: stderr all=off uptime,level,tags foldmultilines=false

Environment Variables:
PATH=C:\Program Files (x86)\VMware\VMware Workstation\bin\;C:\Program Files (x86)\Embarcadero\Studio\20.0\bin;C:\Users\Public\Documents\Embarcadero\Studio\20.0\Bpl;C:\Program Files (x86)\Embarcadero\Studio\20.0\bin64;C:\Users\Public\Documents\Embarcadero\Studio\20.0\Bpl\Win64;C:\Program Files (x86)\Embarcadero\Studio\21.0\bin;C:\Users\Public\Documents\Embarcadero\Studio\21.0\Bpl;C:\Program Files (x86)\Embarcadero\Studio\21.0\bin64;C:\Program Files (x86)\Embarcadero\Studio\22.0\bin;C:\Users\Public\Documents\Embarcadero\Studio\22.0\Bpl;C:\Program Files (x86)\Embarcadero\Studio\22.0\bin64;C:\Users\Public\Documents\Embarcadero\Studio\22.0\Bpl\Win64;C:\Users\zheny\AppData\Local\Temp\git-commit-msg-.txt;C:\Windows;C:\Program Files (x86)\Common Files\Intel\Shared Files\cpp\bin\Intel64;C:\Users\Public\Documents\Embarcadero\Studio\21.0\Bpl\Win64;C:\Program Files\Common Files\Oracle\Java\javapath;C:\Program Files (x86)\Common Files\Oracle\Java\javapath;C:\Windows\system32;C:\Windows\System32\Wbem;C:\Windows\System32\WindowsPowerShell\v1.0\;C:\Windows\System32\OpenSSH\;C:\Program Files\NVIDIA Corporation\NVIDIA NvDLISR;C:\Program Files (x86)\NVIDIA Corporation\PhysX\Common;C:\Program Files\Microsoft SQL Server\110\Tools\Binn\;C:\Program Files\dotnet\;C:\Program Files\Microsoft SQL Server\130\Tools\Binn\;C:\WINDOWS\system32;C:\WINDOWS;C:\WINDOWS\System32\Wbem;C:\WINDOWS\System32\WindowsPowerShell\v1.0\;C:\WINDOWS\System32\OpenSSH\;C:\Program Files\Git\cmd;C:\Program Files (x86)\dotnet\;C:\Program Files\Java\apache-maven-3.8.3;C:\Program Files\Microsoft SQL Server\120\Tools\Binn\;C:\ProgramData\chocolatey\bin;C:\Program Files\nodejs\;C:\Program Files\PuTTY\;C:\Program Files\Docker\Docker\resources\bin;C:\Users\zheny\AppData\Roaming\npm;C:\Users\zheny\AppData\Local\Microsoft\WindowsApps;
USERNAME=zhenya
OS=Windows_NT
PROCESSOR_IDENTIFIER=AMD64 Family 23 Model 96 Stepping 1, AuthenticAMD



---------------  S Y S T E M  ---------------

OS:
 Windows 11 , 64 bit Build 22621 (10.0.22621.1635)
OS uptime: 0 days 23:23 hours
Hyper-V role detected

CPU: total 16 (initial active 16) (16 cores per cpu, 2 threads per core) family 23 model 96 stepping 1 microcode 0x0, cx8, cmov, fxsr, ht, mmx, 3dnowpref, sse, sse2, sse3, ssse3, sse4a, sse4.1, sse4.2, popcnt, lzcnt, tsc, tscinvbit, avx, avx2, aes, clmul, bmi1, bmi2, adx, sha, fma, vzeroupper, clflush, clflushopt, hv

Memory: 4k page, system-wide physical 15791M (511M free)
TotalPageFile size 30462M (AvailPageFile size 15M)
current process WorkingSet (physical memory assigned to process): 284M, peak: 284M
current process commit charge ("private bytes"): 360M, peak: 386M

vm_info: OpenJDK 64-Bit Server VM (18.0.2.1+1-1) for windows-amd64 JRE (18.0.2.1+1-1), built on Aug 16 2022 01:44:29 by "mach5one" with MS VC++ 16.8 / 16.9 (VS2019)

END.
